CRITICAL - 2020-11-10 01:36:03 --> Invalid argument supplied for foreach()
#0 D:\Ampps\www\e-arsip\app\Views\v_login.php(34): CodeIgniter\Debug\Exceptions->errorHandler(2, 'Invalid argumen...', 'D:\\Ampps\\www\\e-...', 34, Array)
#1 D:\Ampps\www\e-arsip\system\View\View.php(246): include('D:\\Ampps\\www\\e-...')
#2 D:\Ampps\www\e-arsip\system\Common.php(1119): CodeIgniter\View\View->render('v_login', Array, true)
#3 D:\Ampps\www\e-arsip\app\Controllers\Auth.php(16): view('v_login', Array)
#4 D:\Ampps\www\e-arsip\system\CodeIgniter.php(922): App\Controllers\Auth->index()
#5 D:\Ampps\www\e-arsip\system\CodeIgniter.php(408): CodeIgniter\CodeIgniter->runController(Object(App\Controllers\Auth))
#6 D:\Ampps\www\e-arsip\system\CodeIgniter.php(316): CodeIgniter\CodeIgniter->handleRequest(NULL, Object(Config\Cache), false)
#7 D:\Ampps\www\e-arsip\public\index.php(45): CodeIgniter\CodeIgniter->run()
#8 {main}
CRITICAL - 2020-11-10 01:36:38 --> Invalid argument supplied for foreach()
#0 D:\Ampps\www\e-arsip\app\Views\v_login.php(34): CodeIgniter\Debug\Exceptions->errorHandler(2, 'Invalid argumen...', 'D:\\Ampps\\www\\e-...', 34, Array)
#1 D:\Ampps\www\e-arsip\system\View\View.php(246): include('D:\\Ampps\\www\\e-...')
#2 D:\Ampps\www\e-arsip\system\Common.php(1119): CodeIgniter\View\View->render('v_login', Array, true)
#3 D:\Ampps\www\e-arsip\app\Controllers\Auth.php(16): view('v_login', Array)
#4 D:\Ampps\www\e-arsip\system\CodeIgniter.php(922): App\Controllers\Auth->index()
#5 D:\Ampps\www\e-arsip\system\CodeIgniter.php(408): CodeIgniter\CodeIgniter->runController(Object(App\Controllers\Auth))
#6 D:\Ampps\www\e-arsip\system\CodeIgniter.php(316): CodeIgniter\CodeIgniter->handleRequest(NULL, Object(Config\Cache), false)
#7 D:\Ampps\www\e-arsip\public\index.php(45): CodeIgniter\CodeIgniter->run()
#8 {main}
CRITICAL - 2020-11-10 01:36:42 --> Invalid argument supplied for foreach()
#0 D:\Ampps\www\e-arsip\app\Views\v_login.php(34): CodeIgniter\Debug\Exceptions->errorHandler(2, 'Invalid argumen...', 'D:\\Ampps\\www\\e-...', 34, Array)
#1 D:\Ampps\www\e-arsip\system\View\View.php(246): include('D:\\Ampps\\www\\e-...')
#2 D:\Ampps\www\e-arsip\system\Common.php(1119): CodeIgniter\View\View->render('v_login', Array, true)
#3 D:\Ampps\www\e-arsip\app\Controllers\Auth.php(16): view('v_login', Array)
#4 D:\Ampps\www\e-arsip\system\CodeIgniter.php(922): App\Controllers\Auth->index()
#5 D:\Ampps\www\e-arsip\system\CodeIgniter.php(408): CodeIgniter\CodeIgniter->runController(Object(App\Controllers\Auth))
#6 D:\Ampps\www\e-arsip\system\CodeIgniter.php(316): CodeIgniter\CodeIgniter->handleRequest(NULL, Object(Config\Cache), false)
#7 D:\Ampps\www\e-arsip\public\index.php(45): CodeIgniter\CodeIgniter->run()
#8 {main}
CRITICAL - 2020-11-10 01:37:17 --> Invalid argument supplied for foreach()
#0 D:\Ampps\www\e-arsip\app\Views\v_login.php(34): CodeIgniter\Debug\Exceptions->errorHandler(2, 'Invalid argumen...', 'D:\\Ampps\\www\\e-...', 34, Array)
#1 D:\Ampps\www\e-arsip\system\View\View.php(246): include('D:\\Ampps\\www\\e-...')
#2 D:\Ampps\www\e-arsip\system\Common.php(1119): CodeIgniter\View\View->render('v_login', Array, true)
#3 D:\Ampps\www\e-arsip\app\Controllers\Auth.php(16): view('v_login', Array)
#4 D:\Ampps\www\e-arsip\system\CodeIgniter.php(922): App\Controllers\Auth->index()
#5 D:\Ampps\www\e-arsip\system\CodeIgniter.php(408): CodeIgniter\CodeIgniter->runController(Object(App\Controllers\Auth))
#6 D:\Ampps\www\e-arsip\system\CodeIgniter.php(316): CodeIgniter\CodeIgniter->handleRequest(NULL, Object(Config\Cache), false)
#7 D:\Ampps\www\e-arsip\public\index.php(45): CodeIgniter\CodeIgniter->run()
#8 {main}
CRITICAL - 2020-11-10 01:38:51 --> Invalid argument supplied for foreach()
#0 D:\Ampps\www\e-arsip\app\Views\v_login.php(34): CodeIgniter\Debug\Exceptions->errorHandler(2, 'Invalid argumen...', 'D:\\Ampps\\www\\e-...', 34, Array)
#1 D:\Ampps\www\e-arsip\system\View\View.php(246): include('D:\\Ampps\\www\\e-...')
#2 D:\Ampps\www\e-arsip\system\Common.php(1119): CodeIgniter\View\View->render('v_login', Array, true)
#3 D:\Ampps\www\e-arsip\app\Controllers\Auth.php(16): view('v_login', Array)
#4 D:\Ampps\www\e-arsip\system\CodeIgniter.php(922): App\Controllers\Auth->index()
#5 D:\Ampps\www\e-arsip\system\CodeIgniter.php(408): CodeIgniter\CodeIgniter->runController(Object(App\Controllers\Auth))
#6 D:\Ampps\www\e-arsip\system\CodeIgniter.php(316): CodeIgniter\CodeIgniter->handleRequest(NULL, Object(Config\Cache), false)
#7 D:\Ampps\www\e-arsip\public\index.php(45): CodeIgniter\CodeIgniter->run()
#8 {main}
CRITICAL - 2020-11-10 01:39:26 --> Invalid argument supplied for foreach()
#0 D:\Ampps\www\e-arsip\app\Views\v_login.php(34): CodeIgniter\Debug\Exceptions->errorHandler(2, 'Invalid argumen...', 'D:\\Ampps\\www\\e-...', 34, Array)
#1 D:\Ampps\www\e-arsip\system\View\View.php(246): include('D:\\Ampps\\www\\e-...')
#2 D:\Ampps\www\e-arsip\system\Common.php(1119): CodeIgniter\View\View->render('v_login', Array, true)
#3 D:\Ampps\www\e-arsip\app\Controllers\Auth.php(16): view('v_login', Array)
#4 D:\Ampps\www\e-arsip\system\CodeIgniter.php(922): App\Controllers\Auth->index()
#5 D:\Ampps\www\e-arsip\system\CodeIgniter.php(408): CodeIgniter\CodeIgniter->runController(Object(App\Controllers\Auth))
#6 D:\Ampps\www\e-arsip\system\CodeIgniter.php(316): CodeIgniter\CodeIgniter->handleRequest(NULL, Object(Config\Cache), false)
#7 D:\Ampps\www\e-arsip\public\index.php(45): CodeIgniter\CodeIgniter->run()
#8 {main}
CRITICAL - 2020-11-10 01:41:03 --> Undefined variable: variable
#0 D:\Ampps\www\e-arsip\app\Views\v_login.php(34): CodeIgniter\Debug\Exceptions->errorHandler(8, 'Undefined varia...', 'D:\\Ampps\\www\\e-...', 34, Array)
#1 D:\Ampps\www\e-arsip\system\View\View.php(246): include('D:\\Ampps\\www\\e-...')
#2 D:\Ampps\www\e-arsip\system\Common.php(1119): CodeIgniter\View\View->render('v_login', Array, true)
#3 D:\Ampps\www\e-arsip\app\Controllers\Auth.php(16): view('v_login', Array)
#4 D:\Ampps\www\e-arsip\system\CodeIgniter.php(922): App\Controllers\Auth->index()
#5 D:\Ampps\www\e-arsip\system\CodeIgniter.php(408): CodeIgniter\CodeIgniter->runController(Object(App\Controllers\Auth))
#6 D:\Ampps\www\e-arsip\system\CodeIgniter.php(316): CodeIgniter\CodeIgniter->handleRequest(NULL, Object(Config\Cache), false)
#7 D:\Ampps\www\e-arsip\public\index.php(45): CodeIgniter\CodeIgniter->run()
#8 {main}
CRITICAL - 2020-11-10 01:45:05 --> Invalid argument supplied for foreach()
#0 D:\Ampps\www\e-arsip\app\Views\v_login.php(34): CodeIgniter\Debug\Exceptions->errorHandler(2, 'Invalid argumen...', 'D:\\Ampps\\www\\e-...', 34, Array)
#1 D:\Ampps\www\e-arsip\system\View\View.php(246): include('D:\\Ampps\\www\\e-...')
#2 D:\Ampps\www\e-arsip\system\Common.php(1119): CodeIgniter\View\View->render('v_login', Array, true)
#3 D:\Ampps\www\e-arsip\app\Controllers\Auth.php(16): view('v_login', Array)
#4 D:\Ampps\www\e-arsip\system\CodeIgniter.php(922): App\Controllers\Auth->index()
#5 D:\Ampps\www\e-arsip\system\CodeIgniter.php(408): CodeIgniter\CodeIgniter->runController(Object(App\Controllers\Auth))
#6 D:\Ampps\www\e-arsip\system\CodeIgniter.php(316): CodeIgniter\CodeIgniter->handleRequest(NULL, Object(Config\Cache), false)
#7 D:\Ampps\www\e-arsip\public\index.php(45): CodeIgniter\CodeIgniter->run()
#8 {main}
CRITICAL - 2020-11-10 02:49:29 --> syntax error, unexpected '('
#0 D:\Ampps\www\e-arsip\system\Router\Router.php(195): CodeIgniter\Router\Router->autoRoute('auth/login')
#1 D:\Ampps\www\e-arsip\system\CodeIgniter.php(797): CodeIgniter\Router\Router->handle('auth/login')
#2 D:\Ampps\www\e-arsip\system\CodeIgniter.php(368): CodeIgniter\CodeIgniter->tryToRouteIt(Object(CodeIgniter\Router\RouteCollection))
#3 D:\Ampps\www\e-arsip\system\CodeIgniter.php(316): CodeIgniter\CodeIgniter->handleRequest(NULL, Object(Config\Cache), false)
#4 D:\Ampps\www\e-arsip\public\index.php(45): CodeIgniter\CodeIgniter->run()
#5 {main}
CRITICAL - 2020-11-10 21:26:17 --> syntax error, unexpected ''toolbar'' (T_CONSTANT_ENCAPSED_STRING), expecting ']'
#0 D:\Ampps\www\e-arsip\system\Autoloader\Autoloader.php(296): CodeIgniter\Autoloader\Autoloader->requireFile('D:\\Ampps\\www\\e-...')
#1 D:\Ampps\www\e-arsip\system\Autoloader\Autoloader.php(258): CodeIgniter\Autoloader\Autoloader->loadInNamespace('Config\\Filters')
#2 [internal function]: CodeIgniter\Autoloader\Autoloader->loadClass('Config\\Filters')
#3 D:\Ampps\www\e-arsip\system\Config\Services.php(322): spl_autoload_call('Config\\Filters')
#4 D:\Ampps\www\e-arsip\system\Config\BaseService.php(123): CodeIgniter\Config\Services::filters(NULL, false)
#5 D:\Ampps\www\e-arsip\system\Config\Services.php(317): CodeIgniter\Config\BaseService::getSharedInstance('filters', NULL)
#6 D:\Ampps\www\e-arsip\system\CodeIgniter.php(371): CodeIgniter\Config\Services::filters()
#7 D:\Ampps\www\e-arsip\system\CodeIgniter.php(316): CodeIgniter\CodeIgniter->handleRequest(NULL, Object(Config\Cache), false)
#8 D:\Ampps\www\e-arsip\public\index.php(45): CodeIgniter\CodeIgniter->run()
#9 {main}
