CRITICAL - 2020-11-22 20:01:09 --> Too few arguments to function App\Controllers\User::edit(), 0 passed in D:\Ampps\www\e-arsip\system\CodeIgniter.php on line 922 and exactly 1 expected
#0 D:\Ampps\www\e-arsip\system\CodeIgniter.php(922): App\Controllers\User->edit()
#1 D:\Ampps\www\e-arsip\system\CodeIgniter.php(408): CodeIgniter\CodeIgniter->runController(Object(App\Controllers\User))
#2 D:\Ampps\www\e-arsip\system\CodeIgniter.php(316): CodeIgniter\CodeIgniter->handleRequest(NULL, Object(Config\Cache), false)
#3 D:\Ampps\www\e-arsip\public\index.php(45): CodeIgniter\CodeIgniter->run()
#4 {main}
CRITICAL - 2020-11-22 20:01:53 --> Too few arguments to function App\Controllers\User::edit(), 0 passed in D:\Ampps\www\e-arsip\system\CodeIgniter.php on line 922 and exactly 1 expected
#0 D:\Ampps\www\e-arsip\system\CodeIgniter.php(922): App\Controllers\User->edit()
#1 D:\Ampps\www\e-arsip\system\CodeIgniter.php(408): CodeIgniter\CodeIgniter->runController(Object(App\Controllers\User))
#2 D:\Ampps\www\e-arsip\system\CodeIgniter.php(316): CodeIgniter\CodeIgniter->handleRequest(NULL, Object(Config\Cache), false)
#3 D:\Ampps\www\e-arsip\public\index.php(45): CodeIgniter\CodeIgniter->run()
#4 {main}
CRITICAL - 2020-11-22 20:01:54 --> Too few arguments to function App\Controllers\User::edit(), 0 passed in D:\Ampps\www\e-arsip\system\CodeIgniter.php on line 922 and exactly 1 expected
#0 D:\Ampps\www\e-arsip\system\CodeIgniter.php(922): App\Controllers\User->edit()
#1 D:\Ampps\www\e-arsip\system\CodeIgniter.php(408): CodeIgniter\CodeIgniter->runController(Object(App\Controllers\User))
#2 D:\Ampps\www\e-arsip\system\CodeIgniter.php(316): CodeIgniter\CodeIgniter->handleRequest(NULL, Object(Config\Cache), false)
#3 D:\Ampps\www\e-arsip\public\index.php(45): CodeIgniter\CodeIgniter->run()
#4 {main}
CRITICAL - 2020-11-22 20:15:04 --> Undefined variable: id_user
#0 D:\Ampps\www\e-arsip\app\Models\Model_user.php(20): CodeIgniter\Debug\Exceptions->errorHandler(8, 'Undefined varia...', 'D:\\Ampps\\www\\e-...', 20, Array)
#1 D:\Ampps\www\e-arsip\app\Controllers\User.php(117): App\Models\Model_user->detail_data('5')
#2 D:\Ampps\www\e-arsip\system\CodeIgniter.php(922): App\Controllers\User->edit('5')
#3 D:\Ampps\www\e-arsip\system\CodeIgniter.php(408): CodeIgniter\CodeIgniter->runController(Object(App\Controllers\User))
#4 D:\Ampps\www\e-arsip\system\CodeIgniter.php(316): CodeIgniter\CodeIgniter->handleRequest(NULL, Object(Config\Cache), false)
#5 D:\Ampps\www\e-arsip\public\index.php(45): CodeIgniter\CodeIgniter->run()
#6 {main}
CRITICAL - 2020-11-22 20:18:00 --> Undefined index: nama_user
#0 D:\Ampps\www\e-arsip\app\Views\user\v_edit.php(29): CodeIgniter\Debug\Exceptions->errorHandler(8, 'Undefined index...', 'D:\\Ampps\\www\\e-...', 29, Array)
#1 D:\Ampps\www\e-arsip\system\View\View.php(246): include('D:\\Ampps\\www\\e-...')
#2 D:\Ampps\www\e-arsip\system\Common.php(1119): CodeIgniter\View\View->render('user/v_edit', Array, true)
#3 D:\Ampps\www\e-arsip\app\Views\layout\v_content.php(3): view('user/v_edit')
#4 D:\Ampps\www\e-arsip\system\View\View.php(246): include('D:\\Ampps\\www\\e-...')
#5 D:\Ampps\www\e-arsip\system\Common.php(1119): CodeIgniter\View\View->render('layout/v_conten...', Array, true)
#6 D:\Ampps\www\e-arsip\app\Views\layout\v_wrapper.php(5): view('layout/v_conten...')
#7 D:\Ampps\www\e-arsip\system\View\View.php(246): include('D:\\Ampps\\www\\e-...')
#8 D:\Ampps\www\e-arsip\system\Common.php(1119): CodeIgniter\View\View->render('layout/v_wrappe...', Array, true)
#9 D:\Ampps\www\e-arsip\app\Controllers\User.php(120): view('layout/v_wrappe...', Array)
#10 D:\Ampps\www\e-arsip\system\CodeIgniter.php(922): App\Controllers\User->edit('5')
#11 D:\Ampps\www\e-arsip\system\CodeIgniter.php(408): CodeIgniter\CodeIgniter->runController(Object(App\Controllers\User))
#12 D:\Ampps\www\e-arsip\system\CodeIgniter.php(316): CodeIgniter\CodeIgniter->handleRequest(NULL, Object(Config\Cache), false)
#13 D:\Ampps\www\e-arsip\public\index.php(45): CodeIgniter\CodeIgniter->run()
#14 {main}
CRITICAL - 2020-11-22 20:22:49 --> Illegal string offset 'nama_user'
#0 D:\Ampps\www\e-arsip\app\Views\user\v_index.php(46): CodeIgniter\Debug\Exceptions->errorHandler(2, 'Illegal string ...', 'D:\\Ampps\\www\\e-...', 46, Array)
#1 D:\Ampps\www\e-arsip\system\View\View.php(246): include('D:\\Ampps\\www\\e-...')
#2 D:\Ampps\www\e-arsip\system\Common.php(1119): CodeIgniter\View\View->render('user/v_index', Array, true)
#3 D:\Ampps\www\e-arsip\app\Views\layout\v_content.php(3): view('user/v_index')
#4 D:\Ampps\www\e-arsip\system\View\View.php(246): include('D:\\Ampps\\www\\e-...')
#5 D:\Ampps\www\e-arsip\system\Common.php(1119): CodeIgniter\View\View->render('layout/v_conten...', Array, true)
#6 D:\Ampps\www\e-arsip\app\Views\layout\v_wrapper.php(5): view('layout/v_conten...')
#7 D:\Ampps\www\e-arsip\system\View\View.php(246): include('D:\\Ampps\\www\\e-...')
#8 D:\Ampps\www\e-arsip\system\Common.php(1119): CodeIgniter\View\View->render('layout/v_wrappe...', Array, true)
#9 D:\Ampps\www\e-arsip\app\Controllers\User.php(24): view('layout/v_wrappe...', Array)
#10 D:\Ampps\www\e-arsip\system\CodeIgniter.php(922): App\Controllers\User->index()
#11 D:\Ampps\www\e-arsip\system\CodeIgniter.php(408): CodeIgniter\CodeIgniter->runController(Object(App\Controllers\User))
#12 D:\Ampps\www\e-arsip\system\CodeIgniter.php(316): CodeIgniter\CodeIgniter->handleRequest(NULL, Object(Config\Cache), false)
#13 D:\Ampps\www\e-arsip\public\index.php(45): CodeIgniter\CodeIgniter->run()
#14 {main}
CRITICAL - 2020-11-22 20:22:59 --> Illegal string offset 'nama_user'
#0 D:\Ampps\www\e-arsip\app\Views\user\v_index.php(46): CodeIgniter\Debug\Exceptions->errorHandler(2, 'Illegal string ...', 'D:\\Ampps\\www\\e-...', 46, Array)
#1 D:\Ampps\www\e-arsip\system\View\View.php(246): include('D:\\Ampps\\www\\e-...')
#2 D:\Ampps\www\e-arsip\system\Common.php(1119): CodeIgniter\View\View->render('user/v_index', Array, true)
#3 D:\Ampps\www\e-arsip\app\Views\layout\v_content.php(3): view('user/v_index')
#4 D:\Ampps\www\e-arsip\system\View\View.php(246): include('D:\\Ampps\\www\\e-...')
#5 D:\Ampps\www\e-arsip\system\Common.php(1119): CodeIgniter\View\View->render('layout/v_conten...', Array, true)
#6 D:\Ampps\www\e-arsip\app\Views\layout\v_wrapper.php(5): view('layout/v_conten...')
#7 D:\Ampps\www\e-arsip\system\View\View.php(246): include('D:\\Ampps\\www\\e-...')
#8 D:\Ampps\www\e-arsip\system\Common.php(1119): CodeIgniter\View\View->render('layout/v_wrappe...', Array, true)
#9 D:\Ampps\www\e-arsip\app\Controllers\User.php(24): view('layout/v_wrappe...', Array)
#10 D:\Ampps\www\e-arsip\system\CodeIgniter.php(922): App\Controllers\User->index()
#11 D:\Ampps\www\e-arsip\system\CodeIgniter.php(408): CodeIgniter\CodeIgniter->runController(Object(App\Controllers\User))
#12 D:\Ampps\www\e-arsip\system\CodeIgniter.php(316): CodeIgniter\CodeIgniter->handleRequest(NULL, Object(Config\Cache), false)
#13 D:\Ampps\www\e-arsip\public\index.php(45): CodeIgniter\CodeIgniter->run()
#14 {main}
CRITICAL - 2020-11-22 20:23:25 --> Illegal string offset 'nama_user'
#0 D:\Ampps\www\e-arsip\app\Views\user\v_index.php(46): CodeIgniter\Debug\Exceptions->errorHandler(2, 'Illegal string ...', 'D:\\Ampps\\www\\e-...', 46, Array)
#1 D:\Ampps\www\e-arsip\system\View\View.php(246): include('D:\\Ampps\\www\\e-...')
#2 D:\Ampps\www\e-arsip\system\Common.php(1119): CodeIgniter\View\View->render('user/v_index', Array, true)
#3 D:\Ampps\www\e-arsip\app\Views\layout\v_content.php(3): view('user/v_index')
#4 D:\Ampps\www\e-arsip\system\View\View.php(246): include('D:\\Ampps\\www\\e-...')
#5 D:\Ampps\www\e-arsip\system\Common.php(1119): CodeIgniter\View\View->render('layout/v_conten...', Array, true)
#6 D:\Ampps\www\e-arsip\app\Views\layout\v_wrapper.php(5): view('layout/v_conten...')
#7 D:\Ampps\www\e-arsip\system\View\View.php(246): include('D:\\Ampps\\www\\e-...')
#8 D:\Ampps\www\e-arsip\system\Common.php(1119): CodeIgniter\View\View->render('layout/v_wrappe...', Array, true)
#9 D:\Ampps\www\e-arsip\app\Controllers\User.php(24): view('layout/v_wrappe...', Array)
#10 D:\Ampps\www\e-arsip\system\CodeIgniter.php(922): App\Controllers\User->index()
#11 D:\Ampps\www\e-arsip\system\CodeIgniter.php(408): CodeIgniter\CodeIgniter->runController(Object(App\Controllers\User))
#12 D:\Ampps\www\e-arsip\system\CodeIgniter.php(316): CodeIgniter\CodeIgniter->handleRequest(NULL, Object(Config\Cache), false)
#13 D:\Ampps\www\e-arsip\public\index.php(45): CodeIgniter\CodeIgniter->run()
#14 {main}
CRITICAL - 2020-11-22 20:24:45 --> Illegal string offset 'nama_user'
#0 D:\Ampps\www\e-arsip\app\Views\user\v_index.php(46): CodeIgniter\Debug\Exceptions->errorHandler(2, 'Illegal string ...', 'D:\\Ampps\\www\\e-...', 46, Array)
#1 D:\Ampps\www\e-arsip\system\View\View.php(246): include('D:\\Ampps\\www\\e-...')
#2 D:\Ampps\www\e-arsip\system\Common.php(1119): CodeIgniter\View\View->render('user/v_index', Array, true)
#3 D:\Ampps\www\e-arsip\app\Views\layout\v_content.php(3): view('user/v_index')
#4 D:\Ampps\www\e-arsip\system\View\View.php(246): include('D:\\Ampps\\www\\e-...')
#5 D:\Ampps\www\e-arsip\system\Common.php(1119): CodeIgniter\View\View->render('layout/v_conten...', Array, true)
#6 D:\Ampps\www\e-arsip\app\Views\layout\v_wrapper.php(5): view('layout/v_conten...')
#7 D:\Ampps\www\e-arsip\system\View\View.php(246): include('D:\\Ampps\\www\\e-...')
#8 D:\Ampps\www\e-arsip\system\Common.php(1119): CodeIgniter\View\View->render('layout/v_wrappe...', Array, true)
#9 D:\Ampps\www\e-arsip\app\Controllers\User.php(24): view('layout/v_wrappe...', Array)
#10 D:\Ampps\www\e-arsip\system\CodeIgniter.php(922): App\Controllers\User->index()
#11 D:\Ampps\www\e-arsip\system\CodeIgniter.php(408): CodeIgniter\CodeIgniter->runController(Object(App\Controllers\User))
#12 D:\Ampps\www\e-arsip\system\CodeIgniter.php(316): CodeIgniter\CodeIgniter->handleRequest(NULL, Object(Config\Cache), false)
#13 D:\Ampps\www\e-arsip\public\index.php(45): CodeIgniter\CodeIgniter->run()
#14 {main}
CRITICAL - 2020-11-22 20:25:06 --> Illegal string offset 'nama_user'
#0 D:\Ampps\www\e-arsip\app\Views\user\v_index.php(46): CodeIgniter\Debug\Exceptions->errorHandler(2, 'Illegal string ...', 'D:\\Ampps\\www\\e-...', 46, Array)
#1 D:\Ampps\www\e-arsip\system\View\View.php(246): include('D:\\Ampps\\www\\e-...')
#2 D:\Ampps\www\e-arsip\system\Common.php(1119): CodeIgniter\View\View->render('user/v_index', Array, true)
#3 D:\Ampps\www\e-arsip\app\Views\layout\v_content.php(3): view('user/v_index')
#4 D:\Ampps\www\e-arsip\system\View\View.php(246): include('D:\\Ampps\\www\\e-...')
#5 D:\Ampps\www\e-arsip\system\Common.php(1119): CodeIgniter\View\View->render('layout/v_conten...', Array, true)
#6 D:\Ampps\www\e-arsip\app\Views\layout\v_wrapper.php(5): view('layout/v_conten...')
#7 D:\Ampps\www\e-arsip\system\View\View.php(246): include('D:\\Ampps\\www\\e-...')
#8 D:\Ampps\www\e-arsip\system\Common.php(1119): CodeIgniter\View\View->render('layout/v_wrappe...', Array, true)
#9 D:\Ampps\www\e-arsip\app\Controllers\User.php(24): view('layout/v_wrappe...', Array)
#10 D:\Ampps\www\e-arsip\system\CodeIgniter.php(922): App\Controllers\User->index()
#11 D:\Ampps\www\e-arsip\system\CodeIgniter.php(408): CodeIgniter\CodeIgniter->runController(Object(App\Controllers\User))
#12 D:\Ampps\www\e-arsip\system\CodeIgniter.php(316): CodeIgniter\CodeIgniter->handleRequest(NULL, Object(Config\Cache), false)
#13 D:\Ampps\www\e-arsip\public\index.php(45): CodeIgniter\CodeIgniter->run()
#14 {main}
CRITICAL - 2020-11-22 20:29:10 --> Undefined variable: user
#0 D:\Ampps\www\e-arsip\app\Views\user\v_edit.php(29): CodeIgniter\Debug\Exceptions->errorHandler(8, 'Undefined varia...', 'D:\\Ampps\\www\\e-...', 29, Array)
#1 D:\Ampps\www\e-arsip\system\View\View.php(246): include('D:\\Ampps\\www\\e-...')
#2 D:\Ampps\www\e-arsip\system\Common.php(1119): CodeIgniter\View\View->render('user/v_edit', Array, true)
#3 D:\Ampps\www\e-arsip\app\Views\layout\v_content.php(3): view('user/v_edit')
#4 D:\Ampps\www\e-arsip\system\View\View.php(246): include('D:\\Ampps\\www\\e-...')
#5 D:\Ampps\www\e-arsip\system\Common.php(1119): CodeIgniter\View\View->render('layout/v_conten...', Array, true)
#6 D:\Ampps\www\e-arsip\app\Views\layout\v_wrapper.php(5): view('layout/v_conten...')
#7 D:\Ampps\www\e-arsip\system\View\View.php(246): include('D:\\Ampps\\www\\e-...')
#8 D:\Ampps\www\e-arsip\system\Common.php(1119): CodeIgniter\View\View->render('layout/v_wrappe...', Array, true)
#9 D:\Ampps\www\e-arsip\app\Controllers\User.php(120): view('layout/v_wrappe...', Array)
#10 D:\Ampps\www\e-arsip\system\CodeIgniter.php(922): App\Controllers\User->edit('5')
#11 D:\Ampps\www\e-arsip\system\CodeIgniter.php(408): CodeIgniter\CodeIgniter->runController(Object(App\Controllers\User))
#12 D:\Ampps\www\e-arsip\system\CodeIgniter.php(316): CodeIgniter\CodeIgniter->handleRequest(NULL, Object(Config\Cache), false)
#13 D:\Ampps\www\e-arsip\public\index.php(45): CodeIgniter\CodeIgniter->run()
#14 {main}
CRITICAL - 2020-11-22 20:29:59 --> Undefined index: nama_password
#0 D:\Ampps\www\e-arsip\app\Views\user\v_edit.php(33): CodeIgniter\Debug\Exceptions->errorHandler(8, 'Undefined index...', 'D:\\Ampps\\www\\e-...', 33, Array)
#1 D:\Ampps\www\e-arsip\system\View\View.php(246): include('D:\\Ampps\\www\\e-...')
#2 D:\Ampps\www\e-arsip\system\Common.php(1119): CodeIgniter\View\View->render('user/v_edit', Array, true)
#3 D:\Ampps\www\e-arsip\app\Views\layout\v_content.php(3): view('user/v_edit')
#4 D:\Ampps\www\e-arsip\system\View\View.php(246): include('D:\\Ampps\\www\\e-...')
#5 D:\Ampps\www\e-arsip\system\Common.php(1119): CodeIgniter\View\View->render('layout/v_conten...', Array, true)
#6 D:\Ampps\www\e-arsip\app\Views\layout\v_wrapper.php(5): view('layout/v_conten...')
#7 D:\Ampps\www\e-arsip\system\View\View.php(246): include('D:\\Ampps\\www\\e-...')
#8 D:\Ampps\www\e-arsip\system\Common.php(1119): CodeIgniter\View\View->render('layout/v_wrappe...', Array, true)
#9 D:\Ampps\www\e-arsip\app\Controllers\User.php(120): view('layout/v_wrappe...', Array)
#10 D:\Ampps\www\e-arsip\system\CodeIgniter.php(922): App\Controllers\User->edit('5')
#11 D:\Ampps\www\e-arsip\system\CodeIgniter.php(408): CodeIgniter\CodeIgniter->runController(Object(App\Controllers\User))
#12 D:\Ampps\www\e-arsip\system\CodeIgniter.php(316): CodeIgniter\CodeIgniter->handleRequest(NULL, Object(Config\Cache), false)
#13 D:\Ampps\www\e-arsip\public\index.php(45): CodeIgniter\CodeIgniter->run()
#14 {main}
