CRITICAL - 2020-11-26 01:18:42 --> Table 'earsip.tbl_kateogri' doesn't exist
#0 D:\Ampps\www\e-arsip\system\Database\MySQLi\Connection.php(331): mysqli->query('SELECT COUNT(*)...')
#1 D:\Ampps\www\e-arsip\system\Database\BaseConnection.php(741): CodeIgniter\Database\MySQLi\Connection->execute('SELECT COUNT(*)...')
#2 D:\Ampps\www\e-arsip\system\Database\BaseConnection.php(669): CodeIgniter\Database\BaseConnection->simpleQuery('SELECT COUNT(*)...')
#3 D:\Ampps\www\e-arsip\system\Database\BaseBuilder.php(1897): CodeIgniter\Database\BaseConnection->query('SELECT COUNT(*)...', NULL, false)
#4 D:\Ampps\www\e-arsip\app\Models\Model_home.php(21): CodeIgniter\Database\BaseBuilder->countAll()
#5 D:\Ampps\www\e-arsip\app\Controllers\Home.php(21): App\Models\Model_home->tot_kategori()
#6 D:\Ampps\www\e-arsip\system\CodeIgniter.php(922): App\Controllers\Home->index()
#7 D:\Ampps\www\e-arsip\system\CodeIgniter.php(408): CodeIgniter\CodeIgniter->runController(Object(App\Controllers\Home))
#8 D:\Ampps\www\e-arsip\system\CodeIgniter.php(316): CodeIgniter\CodeIgniter->handleRequest(NULL, Object(Config\Cache), false)
#9 D:\Ampps\www\e-arsip\public\index.php(45): CodeIgniter\CodeIgniter->run()
#10 {main}
CRITICAL - 2020-11-26 01:20:14 --> Table 'earsip.tbl_kateogri' doesn't exist
#0 D:\Ampps\www\e-arsip\system\Database\MySQLi\Connection.php(331): mysqli->query('SELECT COUNT(*)...')
#1 D:\Ampps\www\e-arsip\system\Database\BaseConnection.php(741): CodeIgniter\Database\MySQLi\Connection->execute('SELECT COUNT(*)...')
#2 D:\Ampps\www\e-arsip\system\Database\BaseConnection.php(669): CodeIgniter\Database\BaseConnection->simpleQuery('SELECT COUNT(*)...')
#3 D:\Ampps\www\e-arsip\system\Database\BaseBuilder.php(1897): CodeIgniter\Database\BaseConnection->query('SELECT COUNT(*)...', NULL, false)
#4 D:\Ampps\www\e-arsip\app\Models\Model_home.php(21): CodeIgniter\Database\BaseBuilder->countAll()
#5 D:\Ampps\www\e-arsip\app\Controllers\Home.php(21): App\Models\Model_home->tot_kategori()
#6 D:\Ampps\www\e-arsip\system\CodeIgniter.php(922): App\Controllers\Home->index()
#7 D:\Ampps\www\e-arsip\system\CodeIgniter.php(408): CodeIgniter\CodeIgniter->runController(Object(App\Controllers\Home))
#8 D:\Ampps\www\e-arsip\system\CodeIgniter.php(316): CodeIgniter\CodeIgniter->handleRequest(NULL, Object(Config\Cache), false)
#9 D:\Ampps\www\e-arsip\public\index.php(45): CodeIgniter\CodeIgniter->run()
#10 {main}
CRITICAL - 2020-11-26 01:20:24 --> Table 'earsip.tbl_kateogri' doesn't exist
#0 D:\Ampps\www\e-arsip\system\Database\MySQLi\Connection.php(331): mysqli->query('SELECT COUNT(*)...')
#1 D:\Ampps\www\e-arsip\system\Database\BaseConnection.php(741): CodeIgniter\Database\MySQLi\Connection->execute('SELECT COUNT(*)...')
#2 D:\Ampps\www\e-arsip\system\Database\BaseConnection.php(669): CodeIgniter\Database\BaseConnection->simpleQuery('SELECT COUNT(*)...')
#3 D:\Ampps\www\e-arsip\system\Database\BaseBuilder.php(1897): CodeIgniter\Database\BaseConnection->query('SELECT COUNT(*)...', NULL, false)
#4 D:\Ampps\www\e-arsip\app\Models\Model_home.php(21): CodeIgniter\Database\BaseBuilder->countAll()
#5 D:\Ampps\www\e-arsip\app\Controllers\Home.php(21): App\Models\Model_home->tot_kategori()
#6 D:\Ampps\www\e-arsip\system\CodeIgniter.php(922): App\Controllers\Home->index()
#7 D:\Ampps\www\e-arsip\system\CodeIgniter.php(408): CodeIgniter\CodeIgniter->runController(Object(App\Controllers\Home))
#8 D:\Ampps\www\e-arsip\system\CodeIgniter.php(316): CodeIgniter\CodeIgniter->handleRequest(NULL, Object(Config\Cache), false)
#9 D:\Ampps\www\e-arsip\public\index.php(45): CodeIgniter\CodeIgniter->run()
#10 {main}
CRITICAL - 2020-11-26 01:20:26 --> Table 'earsip.tbl_kateogri' doesn't exist
#0 D:\Ampps\www\e-arsip\system\Database\MySQLi\Connection.php(331): mysqli->query('SELECT COUNT(*)...')
#1 D:\Ampps\www\e-arsip\system\Database\BaseConnection.php(741): CodeIgniter\Database\MySQLi\Connection->execute('SELECT COUNT(*)...')
#2 D:\Ampps\www\e-arsip\system\Database\BaseConnection.php(669): CodeIgniter\Database\BaseConnection->simpleQuery('SELECT COUNT(*)...')
#3 D:\Ampps\www\e-arsip\system\Database\BaseBuilder.php(1897): CodeIgniter\Database\BaseConnection->query('SELECT COUNT(*)...', NULL, false)
#4 D:\Ampps\www\e-arsip\app\Models\Model_home.php(21): CodeIgniter\Database\BaseBuilder->countAll()
#5 D:\Ampps\www\e-arsip\app\Controllers\Home.php(21): App\Models\Model_home->tot_kategori()
#6 D:\Ampps\www\e-arsip\system\CodeIgniter.php(922): App\Controllers\Home->index()
#7 D:\Ampps\www\e-arsip\system\CodeIgniter.php(408): CodeIgniter\CodeIgniter->runController(Object(App\Controllers\Home))
#8 D:\Ampps\www\e-arsip\system\CodeIgniter.php(316): CodeIgniter\CodeIgniter->handleRequest(NULL, Object(Config\Cache), false)
#9 D:\Ampps\www\e-arsip\public\index.php(45): CodeIgniter\CodeIgniter->run()
#10 {main}
CRITICAL - 2020-11-26 01:21:21 --> Table 'earsip.tbl_kateogri' doesn't exist
#0 D:\Ampps\www\e-arsip\system\Database\MySQLi\Connection.php(331): mysqli->query('SELECT COUNT(*)...')
#1 D:\Ampps\www\e-arsip\system\Database\BaseConnection.php(741): CodeIgniter\Database\MySQLi\Connection->execute('SELECT COUNT(*)...')
#2 D:\Ampps\www\e-arsip\system\Database\BaseConnection.php(669): CodeIgniter\Database\BaseConnection->simpleQuery('SELECT COUNT(*)...')
#3 D:\Ampps\www\e-arsip\system\Database\BaseBuilder.php(1897): CodeIgniter\Database\BaseConnection->query('SELECT COUNT(*)...', NULL, false)
#4 D:\Ampps\www\e-arsip\app\Models\Model_home.php(21): CodeIgniter\Database\BaseBuilder->countAll()
#5 D:\Ampps\www\e-arsip\app\Controllers\Home.php(21): App\Models\Model_home->tot_kategori()
#6 D:\Ampps\www\e-arsip\system\CodeIgniter.php(922): App\Controllers\Home->index()
#7 D:\Ampps\www\e-arsip\system\CodeIgniter.php(408): CodeIgniter\CodeIgniter->runController(Object(App\Controllers\Home))
#8 D:\Ampps\www\e-arsip\system\CodeIgniter.php(316): CodeIgniter\CodeIgniter->handleRequest(NULL, Object(Config\Cache), false)
#9 D:\Ampps\www\e-arsip\public\index.php(45): CodeIgniter\CodeIgniter->run()
#10 {main}
CRITICAL - 2020-11-26 01:25:49 --> Table 'earsip.tbl_kateogri' doesn't exist
#0 D:\Ampps\www\e-arsip\system\Database\MySQLi\Connection.php(331): mysqli->query('SELECT COUNT(*)...')
#1 D:\Ampps\www\e-arsip\system\Database\BaseConnection.php(741): CodeIgniter\Database\MySQLi\Connection->execute('SELECT COUNT(*)...')
#2 D:\Ampps\www\e-arsip\system\Database\BaseConnection.php(669): CodeIgniter\Database\BaseConnection->simpleQuery('SELECT COUNT(*)...')
#3 D:\Ampps\www\e-arsip\system\Database\BaseBuilder.php(1897): CodeIgniter\Database\BaseConnection->query('SELECT COUNT(*)...', NULL, false)
#4 D:\Ampps\www\e-arsip\app\Models\Model_home.php(21): CodeIgniter\Database\BaseBuilder->countAll()
#5 D:\Ampps\www\e-arsip\app\Controllers\Home.php(20): App\Models\Model_home->tot_kategori()
#6 D:\Ampps\www\e-arsip\system\CodeIgniter.php(922): App\Controllers\Home->index()
#7 D:\Ampps\www\e-arsip\system\CodeIgniter.php(408): CodeIgniter\CodeIgniter->runController(Object(App\Controllers\Home))
#8 D:\Ampps\www\e-arsip\system\CodeIgniter.php(316): CodeIgniter\CodeIgniter->handleRequest(NULL, Object(Config\Cache), false)
#9 D:\Ampps\www\e-arsip\public\index.php(45): CodeIgniter\CodeIgniter->run()
#10 {main}
CRITICAL - 2020-11-26 01:56:47 --> syntax error, unexpected 'user' (T_STRING), expecting ',' or ';'
#0 D:\Ampps\www\e-arsip\system\Common.php(1119): CodeIgniter\View\View->render('layout/v_nav', Array, true)
#1 D:\Ampps\www\e-arsip\app\Views\layout\v_wrapper.php(4): view('layout/v_nav')
#2 D:\Ampps\www\e-arsip\system\View\View.php(246): include('D:\\Ampps\\www\\e-...')
#3 D:\Ampps\www\e-arsip\system\Common.php(1119): CodeIgniter\View\View->render('layout/v_wrappe...', Array, true)
#4 D:\Ampps\www\e-arsip\app\Controllers\User.php(24): view('layout/v_wrappe...', Array)
#5 D:\Ampps\www\e-arsip\system\CodeIgniter.php(922): App\Controllers\User->index()
#6 D:\Ampps\www\e-arsip\system\CodeIgniter.php(408): CodeIgniter\CodeIgniter->runController(Object(App\Controllers\User))
#7 D:\Ampps\www\e-arsip\system\CodeIgniter.php(316): CodeIgniter\CodeIgniter->handleRequest(NULL, Object(Config\Cache), false)
#8 D:\Ampps\www\e-arsip\public\index.php(45): CodeIgniter\CodeIgniter->run()
#9 {main}
CRITICAL - 2020-11-26 01:57:48 --> syntax error, unexpected 'user' (T_STRING), expecting ',' or ';'
#0 D:\Ampps\www\e-arsip\system\Common.php(1119): CodeIgniter\View\View->render('layout/v_nav', Array, true)
#1 D:\Ampps\www\e-arsip\app\Views\layout\v_wrapper.php(4): view('layout/v_nav')
#2 D:\Ampps\www\e-arsip\system\View\View.php(246): include('D:\\Ampps\\www\\e-...')
#3 D:\Ampps\www\e-arsip\system\Common.php(1119): CodeIgniter\View\View->render('layout/v_wrappe...', Array, true)
#4 D:\Ampps\www\e-arsip\app\Controllers\User.php(24): view('layout/v_wrappe...', Array)
#5 D:\Ampps\www\e-arsip\system\CodeIgniter.php(922): App\Controllers\User->index()
#6 D:\Ampps\www\e-arsip\system\CodeIgniter.php(408): CodeIgniter\CodeIgniter->runController(Object(App\Controllers\User))
#7 D:\Ampps\www\e-arsip\system\CodeIgniter.php(316): CodeIgniter\CodeIgniter->handleRequest(NULL, Object(Config\Cache), false)
#8 D:\Ampps\www\e-arsip\public\index.php(45): CodeIgniter\CodeIgniter->run()
#9 {main}
CRITICAL - 2020-11-26 02:15:04 --> Class 'App\Filters\Filter_auth' not found
#0 D:\Ampps\www\e-arsip\system\CodeIgniter.php(386): CodeIgniter\Filters\Filters->run('arsip', 'before')
#1 D:\Ampps\www\e-arsip\system\CodeIgniter.php(316): CodeIgniter\CodeIgniter->handleRequest(NULL, Object(Config\Cache), false)
#2 D:\Ampps\www\e-arsip\public\index.php(45): CodeIgniter\CodeIgniter->run()
#3 {main}
CRITICAL - 2020-11-26 02:21:05 --> Class 'App\Filters\Filter_auth' not found
#0 D:\Ampps\www\e-arsip\system\CodeIgniter.php(386): CodeIgniter\Filters\Filters->run('home', 'before')
#1 D:\Ampps\www\e-arsip\system\CodeIgniter.php(316): CodeIgniter\CodeIgniter->handleRequest(NULL, Object(Config\Cache), false)
#2 D:\Ampps\www\e-arsip\public\index.php(45): CodeIgniter\CodeIgniter->run()
#3 {main}
CRITICAL - 2020-11-26 02:21:19 --> Class 'App\Filters\Filter_auth' not found
#0 D:\Ampps\www\e-arsip\system\CodeIgniter.php(386): CodeIgniter\Filters\Filters->run('home', 'before')
#1 D:\Ampps\www\e-arsip\system\CodeIgniter.php(316): CodeIgniter\CodeIgniter->handleRequest(NULL, Object(Config\Cache), false)
#2 D:\Ampps\www\e-arsip\public\index.php(45): CodeIgniter\CodeIgniter->run()
#3 {main}
CRITICAL - 2020-11-26 02:21:19 --> Class 'App\Filters\Filter_auth' not found
#0 D:\Ampps\www\e-arsip\system\CodeIgniter.php(386): CodeIgniter\Filters\Filters->run('home', 'before')
#1 D:\Ampps\www\e-arsip\system\CodeIgniter.php(316): CodeIgniter\CodeIgniter->handleRequest(NULL, Object(Config\Cache), false)
#2 D:\Ampps\www\e-arsip\public\index.php(45): CodeIgniter\CodeIgniter->run()
#3 {main}
CRITICAL - 2020-11-26 02:21:20 --> Class 'App\Filters\Filter_auth' not found
#0 D:\Ampps\www\e-arsip\system\CodeIgniter.php(386): CodeIgniter\Filters\Filters->run('home', 'before')
#1 D:\Ampps\www\e-arsip\system\CodeIgniter.php(316): CodeIgniter\CodeIgniter->handleRequest(NULL, Object(Config\Cache), false)
#2 D:\Ampps\www\e-arsip\public\index.php(45): CodeIgniter\CodeIgniter->run()
#3 {main}
CRITICAL - 2020-11-26 02:21:20 --> Class 'App\Filters\Filter_auth' not found
#0 D:\Ampps\www\e-arsip\system\CodeIgniter.php(386): CodeIgniter\Filters\Filters->run('home', 'before')
#1 D:\Ampps\www\e-arsip\system\CodeIgniter.php(316): CodeIgniter\CodeIgniter->handleRequest(NULL, Object(Config\Cache), false)
#2 D:\Ampps\www\e-arsip\public\index.php(45): CodeIgniter\CodeIgniter->run()
#3 {main}
CRITICAL - 2020-11-26 02:21:21 --> Class 'App\Filters\Filter_auth' not found
#0 D:\Ampps\www\e-arsip\system\CodeIgniter.php(386): CodeIgniter\Filters\Filters->run('home', 'before')
#1 D:\Ampps\www\e-arsip\system\CodeIgniter.php(316): CodeIgniter\CodeIgniter->handleRequest(NULL, Object(Config\Cache), false)
#2 D:\Ampps\www\e-arsip\public\index.php(45): CodeIgniter\CodeIgniter->run()
#3 {main}
CRITICAL - 2020-11-26 02:21:21 --> Class 'App\Filters\Filter_auth' not found
#0 D:\Ampps\www\e-arsip\system\CodeIgniter.php(386): CodeIgniter\Filters\Filters->run('home', 'before')
#1 D:\Ampps\www\e-arsip\system\CodeIgniter.php(316): CodeIgniter\CodeIgniter->handleRequest(NULL, Object(Config\Cache), false)
#2 D:\Ampps\www\e-arsip\public\index.php(45): CodeIgniter\CodeIgniter->run()
#3 {main}
CRITICAL - 2020-11-26 02:21:22 --> Class 'App\Filters\Filter_auth' not found
#0 D:\Ampps\www\e-arsip\system\CodeIgniter.php(386): CodeIgniter\Filters\Filters->run('home', 'before')
#1 D:\Ampps\www\e-arsip\system\CodeIgniter.php(316): CodeIgniter\CodeIgniter->handleRequest(NULL, Object(Config\Cache), false)
#2 D:\Ampps\www\e-arsip\public\index.php(45): CodeIgniter\CodeIgniter->run()
#3 {main}
CRITICAL - 2020-11-26 02:21:22 --> Class 'App\Filters\Filter_auth' not found
#0 D:\Ampps\www\e-arsip\system\CodeIgniter.php(386): CodeIgniter\Filters\Filters->run('home', 'before')
#1 D:\Ampps\www\e-arsip\system\CodeIgniter.php(316): CodeIgniter\CodeIgniter->handleRequest(NULL, Object(Config\Cache), false)
#2 D:\Ampps\www\e-arsip\public\index.php(45): CodeIgniter\CodeIgniter->run()
#3 {main}
