CRITICAL - 2020-11-25 20:04:23 --> Undefined variable: user_edit
#0 D:\Ampps\www\e-arsip\app\Views\arsip\v_edit.php(25): CodeIgniter\Debug\Exceptions->errorHandler(8, 'Undefined varia...', 'D:\\Ampps\\www\\e-...', 25, Array)
#1 D:\Ampps\www\e-arsip\system\View\View.php(246): include('D:\\Ampps\\www\\e-...')
#2 D:\Ampps\www\e-arsip\system\Common.php(1119): CodeIgniter\View\View->render('arsip/v_edit', Array, true)
#3 D:\Ampps\www\e-arsip\app\Views\layout\v_content.php(3): view('arsip/v_edit')
#4 D:\Ampps\www\e-arsip\system\View\View.php(246): include('D:\\Ampps\\www\\e-...')
#5 D:\Ampps\www\e-arsip\system\Common.php(1119): CodeIgniter\View\View->render('layout/v_conten...', Array, true)
#6 D:\Ampps\www\e-arsip\app\Views\layout\v_wrapper.php(5): view('layout/v_conten...')
#7 D:\Ampps\www\e-arsip\system\View\View.php(246): include('D:\\Ampps\\www\\e-...')
#8 D:\Ampps\www\e-arsip\system\Common.php(1119): CodeIgniter\View\View->render('layout/v_wrappe...', Array, true)
#9 D:\Ampps\www\e-arsip\app\Controllers\Arsip.php(107): view('layout/v_wrappe...', Array)
#10 D:\Ampps\www\e-arsip\system\CodeIgniter.php(922): App\Controllers\Arsip->edit('8')
#11 D:\Ampps\www\e-arsip\system\CodeIgniter.php(408): CodeIgniter\CodeIgniter->runController(Object(App\Controllers\Arsip))
#12 D:\Ampps\www\e-arsip\system\CodeIgniter.php(316): CodeIgniter\CodeIgniter->handleRequest(NULL, Object(Config\Cache), false)
#13 D:\Ampps\www\e-arsip\public\index.php(45): CodeIgniter\CodeIgniter->run()
#14 {main}
CRITICAL - 2020-11-25 20:10:45 --> Trying to get property 'id_arsip' of non-object
#0 D:\Ampps\www\e-arsip\app\Views\arsip\v_edit.php(25): CodeIgniter\Debug\Exceptions->errorHandler(8, 'Trying to get p...', 'D:\\Ampps\\www\\e-...', 25, Array)
#1 D:\Ampps\www\e-arsip\system\View\View.php(246): include('D:\\Ampps\\www\\e-...')
#2 D:\Ampps\www\e-arsip\system\Common.php(1119): CodeIgniter\View\View->render('arsip/v_edit', Array, true)
#3 D:\Ampps\www\e-arsip\app\Views\layout\v_content.php(3): view('arsip/v_edit')
#4 D:\Ampps\www\e-arsip\system\View\View.php(246): include('D:\\Ampps\\www\\e-...')
#5 D:\Ampps\www\e-arsip\system\Common.php(1119): CodeIgniter\View\View->render('layout/v_conten...', Array, true)
#6 D:\Ampps\www\e-arsip\app\Views\layout\v_wrapper.php(5): view('layout/v_conten...')
#7 D:\Ampps\www\e-arsip\system\View\View.php(246): include('D:\\Ampps\\www\\e-...')
#8 D:\Ampps\www\e-arsip\system\Common.php(1119): CodeIgniter\View\View->render('layout/v_wrappe...', Array, true)
#9 D:\Ampps\www\e-arsip\app\Controllers\Arsip.php(107): view('layout/v_wrappe...', Array)
#10 D:\Ampps\www\e-arsip\system\CodeIgniter.php(922): App\Controllers\Arsip->edit('8')
#11 D:\Ampps\www\e-arsip\system\CodeIgniter.php(408): CodeIgniter\CodeIgniter->runController(Object(App\Controllers\Arsip))
#12 D:\Ampps\www\e-arsip\system\CodeIgniter.php(316): CodeIgniter\CodeIgniter->handleRequest(NULL, Object(Config\Cache), false)
#13 D:\Ampps\www\e-arsip\public\index.php(45): CodeIgniter\CodeIgniter->run()
#14 {main}
CRITICAL - 2020-11-25 20:11:36 --> Trying to get property 'id_arsip' of non-object
#0 D:\Ampps\www\e-arsip\app\Views\arsip\v_edit.php(25): CodeIgniter\Debug\Exceptions->errorHandler(8, 'Trying to get p...', 'D:\\Ampps\\www\\e-...', 25, Array)
#1 D:\Ampps\www\e-arsip\system\View\View.php(246): include('D:\\Ampps\\www\\e-...')
#2 D:\Ampps\www\e-arsip\system\Common.php(1119): CodeIgniter\View\View->render('arsip/v_edit', Array, true)
#3 D:\Ampps\www\e-arsip\app\Views\layout\v_content.php(3): view('arsip/v_edit')
#4 D:\Ampps\www\e-arsip\system\View\View.php(246): include('D:\\Ampps\\www\\e-...')
#5 D:\Ampps\www\e-arsip\system\Common.php(1119): CodeIgniter\View\View->render('layout/v_conten...', Array, true)
#6 D:\Ampps\www\e-arsip\app\Views\layout\v_wrapper.php(5): view('layout/v_conten...')
#7 D:\Ampps\www\e-arsip\system\View\View.php(246): include('D:\\Ampps\\www\\e-...')
#8 D:\Ampps\www\e-arsip\system\Common.php(1119): CodeIgniter\View\View->render('layout/v_wrappe...', Array, true)
#9 D:\Ampps\www\e-arsip\app\Controllers\Arsip.php(107): view('layout/v_wrappe...', Array)
#10 D:\Ampps\www\e-arsip\system\CodeIgniter.php(922): App\Controllers\Arsip->edit('8')
#11 D:\Ampps\www\e-arsip\system\CodeIgniter.php(408): CodeIgniter\CodeIgniter->runController(Object(App\Controllers\Arsip))
#12 D:\Ampps\www\e-arsip\system\CodeIgniter.php(316): CodeIgniter\CodeIgniter->handleRequest(NULL, Object(Config\Cache), false)
#13 D:\Ampps\www\e-arsip\public\index.php(45): CodeIgniter\CodeIgniter->run()
#14 {main}
CRITICAL - 2020-11-25 20:13:01 --> Trying to get property 'id_arsip' of non-object
#0 D:\Ampps\www\e-arsip\app\Views\arsip\v_edit.php(25): CodeIgniter\Debug\Exceptions->errorHandler(8, 'Trying to get p...', 'D:\\Ampps\\www\\e-...', 25, Array)
#1 D:\Ampps\www\e-arsip\system\View\View.php(246): include('D:\\Ampps\\www\\e-...')
#2 D:\Ampps\www\e-arsip\system\Common.php(1119): CodeIgniter\View\View->render('arsip/v_edit', Array, true)
#3 D:\Ampps\www\e-arsip\app\Views\layout\v_content.php(3): view('arsip/v_edit')
#4 D:\Ampps\www\e-arsip\system\View\View.php(246): include('D:\\Ampps\\www\\e-...')
#5 D:\Ampps\www\e-arsip\system\Common.php(1119): CodeIgniter\View\View->render('layout/v_conten...', Array, true)
#6 D:\Ampps\www\e-arsip\app\Views\layout\v_wrapper.php(5): view('layout/v_conten...')
#7 D:\Ampps\www\e-arsip\system\View\View.php(246): include('D:\\Ampps\\www\\e-...')
#8 D:\Ampps\www\e-arsip\system\Common.php(1119): CodeIgniter\View\View->render('layout/v_wrappe...', Array, true)
#9 D:\Ampps\www\e-arsip\app\Controllers\Arsip.php(107): view('layout/v_wrappe...', Array)
#10 D:\Ampps\www\e-arsip\system\CodeIgniter.php(922): App\Controllers\Arsip->edit('8')
#11 D:\Ampps\www\e-arsip\system\CodeIgniter.php(408): CodeIgniter\CodeIgniter->runController(Object(App\Controllers\Arsip))
#12 D:\Ampps\www\e-arsip\system\CodeIgniter.php(316): CodeIgniter\CodeIgniter->handleRequest(NULL, Object(Config\Cache), false)
#13 D:\Ampps\www\e-arsip\public\index.php(45): CodeIgniter\CodeIgniter->run()
#14 {main}
CRITICAL - 2020-11-25 20:13:03 --> Trying to get property 'id_arsip' of non-object
#0 D:\Ampps\www\e-arsip\app\Views\arsip\v_edit.php(25): CodeIgniter\Debug\Exceptions->errorHandler(8, 'Trying to get p...', 'D:\\Ampps\\www\\e-...', 25, Array)
#1 D:\Ampps\www\e-arsip\system\View\View.php(246): include('D:\\Ampps\\www\\e-...')
#2 D:\Ampps\www\e-arsip\system\Common.php(1119): CodeIgniter\View\View->render('arsip/v_edit', Array, true)
#3 D:\Ampps\www\e-arsip\app\Views\layout\v_content.php(3): view('arsip/v_edit')
#4 D:\Ampps\www\e-arsip\system\View\View.php(246): include('D:\\Ampps\\www\\e-...')
#5 D:\Ampps\www\e-arsip\system\Common.php(1119): CodeIgniter\View\View->render('layout/v_conten...', Array, true)
#6 D:\Ampps\www\e-arsip\app\Views\layout\v_wrapper.php(5): view('layout/v_conten...')
#7 D:\Ampps\www\e-arsip\system\View\View.php(246): include('D:\\Ampps\\www\\e-...')
#8 D:\Ampps\www\e-arsip\system\Common.php(1119): CodeIgniter\View\View->render('layout/v_wrappe...', Array, true)
#9 D:\Ampps\www\e-arsip\app\Controllers\Arsip.php(107): view('layout/v_wrappe...', Array)
#10 D:\Ampps\www\e-arsip\system\CodeIgniter.php(922): App\Controllers\Arsip->edit('8')
#11 D:\Ampps\www\e-arsip\system\CodeIgniter.php(408): CodeIgniter\CodeIgniter->runController(Object(App\Controllers\Arsip))
#12 D:\Ampps\www\e-arsip\system\CodeIgniter.php(316): CodeIgniter\CodeIgniter->handleRequest(NULL, Object(Config\Cache), false)
#13 D:\Ampps\www\e-arsip\public\index.php(45): CodeIgniter\CodeIgniter->run()
#14 {main}
CRITICAL - 2020-11-25 20:13:04 --> Trying to get property 'id_arsip' of non-object
#0 D:\Ampps\www\e-arsip\app\Views\arsip\v_edit.php(25): CodeIgniter\Debug\Exceptions->errorHandler(8, 'Trying to get p...', 'D:\\Ampps\\www\\e-...', 25, Array)
#1 D:\Ampps\www\e-arsip\system\View\View.php(246): include('D:\\Ampps\\www\\e-...')
#2 D:\Ampps\www\e-arsip\system\Common.php(1119): CodeIgniter\View\View->render('arsip/v_edit', Array, true)
#3 D:\Ampps\www\e-arsip\app\Views\layout\v_content.php(3): view('arsip/v_edit')
#4 D:\Ampps\www\e-arsip\system\View\View.php(246): include('D:\\Ampps\\www\\e-...')
#5 D:\Ampps\www\e-arsip\system\Common.php(1119): CodeIgniter\View\View->render('layout/v_conten...', Array, true)
#6 D:\Ampps\www\e-arsip\app\Views\layout\v_wrapper.php(5): view('layout/v_conten...')
#7 D:\Ampps\www\e-arsip\system\View\View.php(246): include('D:\\Ampps\\www\\e-...')
#8 D:\Ampps\www\e-arsip\system\Common.php(1119): CodeIgniter\View\View->render('layout/v_wrappe...', Array, true)
#9 D:\Ampps\www\e-arsip\app\Controllers\Arsip.php(107): view('layout/v_wrappe...', Array)
#10 D:\Ampps\www\e-arsip\system\CodeIgniter.php(922): App\Controllers\Arsip->edit('8')
#11 D:\Ampps\www\e-arsip\system\CodeIgniter.php(408): CodeIgniter\CodeIgniter->runController(Object(App\Controllers\Arsip))
#12 D:\Ampps\www\e-arsip\system\CodeIgniter.php(316): CodeIgniter\CodeIgniter->handleRequest(NULL, Object(Config\Cache), false)
#13 D:\Ampps\www\e-arsip\public\index.php(45): CodeIgniter\CodeIgniter->run()
#14 {main}
CRITICAL - 2020-11-25 20:13:05 --> Trying to get property 'id_arsip' of non-object
#0 D:\Ampps\www\e-arsip\app\Views\arsip\v_edit.php(25): CodeIgniter\Debug\Exceptions->errorHandler(8, 'Trying to get p...', 'D:\\Ampps\\www\\e-...', 25, Array)
#1 D:\Ampps\www\e-arsip\system\View\View.php(246): include('D:\\Ampps\\www\\e-...')
#2 D:\Ampps\www\e-arsip\system\Common.php(1119): CodeIgniter\View\View->render('arsip/v_edit', Array, true)
#3 D:\Ampps\www\e-arsip\app\Views\layout\v_content.php(3): view('arsip/v_edit')
#4 D:\Ampps\www\e-arsip\system\View\View.php(246): include('D:\\Ampps\\www\\e-...')
#5 D:\Ampps\www\e-arsip\system\Common.php(1119): CodeIgniter\View\View->render('layout/v_conten...', Array, true)
#6 D:\Ampps\www\e-arsip\app\Views\layout\v_wrapper.php(5): view('layout/v_conten...')
#7 D:\Ampps\www\e-arsip\system\View\View.php(246): include('D:\\Ampps\\www\\e-...')
#8 D:\Ampps\www\e-arsip\system\Common.php(1119): CodeIgniter\View\View->render('layout/v_wrappe...', Array, true)
#9 D:\Ampps\www\e-arsip\app\Controllers\Arsip.php(107): view('layout/v_wrappe...', Array)
#10 D:\Ampps\www\e-arsip\system\CodeIgniter.php(922): App\Controllers\Arsip->edit('8')
#11 D:\Ampps\www\e-arsip\system\CodeIgniter.php(408): CodeIgniter\CodeIgniter->runController(Object(App\Controllers\Arsip))
#12 D:\Ampps\www\e-arsip\system\CodeIgniter.php(316): CodeIgniter\CodeIgniter->handleRequest(NULL, Object(Config\Cache), false)
#13 D:\Ampps\www\e-arsip\public\index.php(45): CodeIgniter\CodeIgniter->run()
#14 {main}
CRITICAL - 2020-11-25 20:13:05 --> Trying to get property 'id_arsip' of non-object
#0 D:\Ampps\www\e-arsip\app\Views\arsip\v_edit.php(25): CodeIgniter\Debug\Exceptions->errorHandler(8, 'Trying to get p...', 'D:\\Ampps\\www\\e-...', 25, Array)
#1 D:\Ampps\www\e-arsip\system\View\View.php(246): include('D:\\Ampps\\www\\e-...')
#2 D:\Ampps\www\e-arsip\system\Common.php(1119): CodeIgniter\View\View->render('arsip/v_edit', Array, true)
#3 D:\Ampps\www\e-arsip\app\Views\layout\v_content.php(3): view('arsip/v_edit')
#4 D:\Ampps\www\e-arsip\system\View\View.php(246): include('D:\\Ampps\\www\\e-...')
#5 D:\Ampps\www\e-arsip\system\Common.php(1119): CodeIgniter\View\View->render('layout/v_conten...', Array, true)
#6 D:\Ampps\www\e-arsip\app\Views\layout\v_wrapper.php(5): view('layout/v_conten...')
#7 D:\Ampps\www\e-arsip\system\View\View.php(246): include('D:\\Ampps\\www\\e-...')
#8 D:\Ampps\www\e-arsip\system\Common.php(1119): CodeIgniter\View\View->render('layout/v_wrappe...', Array, true)
#9 D:\Ampps\www\e-arsip\app\Controllers\Arsip.php(107): view('layout/v_wrappe...', Array)
#10 D:\Ampps\www\e-arsip\system\CodeIgniter.php(922): App\Controllers\Arsip->edit('8')
#11 D:\Ampps\www\e-arsip\system\CodeIgniter.php(408): CodeIgniter\CodeIgniter->runController(Object(App\Controllers\Arsip))
#12 D:\Ampps\www\e-arsip\system\CodeIgniter.php(316): CodeIgniter\CodeIgniter->handleRequest(NULL, Object(Config\Cache), false)
#13 D:\Ampps\www\e-arsip\public\index.php(45): CodeIgniter\CodeIgniter->run()
#14 {main}
CRITICAL - 2020-11-25 20:13:10 --> Trying to get property 'id_arsip' of non-object
#0 D:\Ampps\www\e-arsip\app\Views\arsip\v_edit.php(25): CodeIgniter\Debug\Exceptions->errorHandler(8, 'Trying to get p...', 'D:\\Ampps\\www\\e-...', 25, Array)
#1 D:\Ampps\www\e-arsip\system\View\View.php(246): include('D:\\Ampps\\www\\e-...')
#2 D:\Ampps\www\e-arsip\system\Common.php(1119): CodeIgniter\View\View->render('arsip/v_edit', Array, true)
#3 D:\Ampps\www\e-arsip\app\Views\layout\v_content.php(3): view('arsip/v_edit')
#4 D:\Ampps\www\e-arsip\system\View\View.php(246): include('D:\\Ampps\\www\\e-...')
#5 D:\Ampps\www\e-arsip\system\Common.php(1119): CodeIgniter\View\View->render('layout/v_conten...', Array, true)
#6 D:\Ampps\www\e-arsip\app\Views\layout\v_wrapper.php(5): view('layout/v_conten...')
#7 D:\Ampps\www\e-arsip\system\View\View.php(246): include('D:\\Ampps\\www\\e-...')
#8 D:\Ampps\www\e-arsip\system\Common.php(1119): CodeIgniter\View\View->render('layout/v_wrappe...', Array, true)
#9 D:\Ampps\www\e-arsip\app\Controllers\Arsip.php(107): view('layout/v_wrappe...', Array)
#10 D:\Ampps\www\e-arsip\system\CodeIgniter.php(922): App\Controllers\Arsip->edit('8')
#11 D:\Ampps\www\e-arsip\system\CodeIgniter.php(408): CodeIgniter\CodeIgniter->runController(Object(App\Controllers\Arsip))
#12 D:\Ampps\www\e-arsip\system\CodeIgniter.php(316): CodeIgniter\CodeIgniter->handleRequest(NULL, Object(Config\Cache), false)
#13 D:\Ampps\www\e-arsip\public\index.php(45): CodeIgniter\CodeIgniter->run()
#14 {main}
CRITICAL - 2020-11-25 20:21:27 --> Undefined index: nama_arsip
#0 D:\Ampps\www\e-arsip\app\Views\arsip\v_edit.php(44): CodeIgniter\Debug\Exceptions->errorHandler(8, 'Undefined index...', 'D:\\Ampps\\www\\e-...', 44, Array)
#1 D:\Ampps\www\e-arsip\system\View\View.php(246): include('D:\\Ampps\\www\\e-...')
#2 D:\Ampps\www\e-arsip\system\Common.php(1119): CodeIgniter\View\View->render('arsip/v_edit', Array, true)
#3 D:\Ampps\www\e-arsip\app\Views\layout\v_content.php(3): view('arsip/v_edit')
#4 D:\Ampps\www\e-arsip\system\View\View.php(246): include('D:\\Ampps\\www\\e-...')
#5 D:\Ampps\www\e-arsip\system\Common.php(1119): CodeIgniter\View\View->render('layout/v_conten...', Array, true)
#6 D:\Ampps\www\e-arsip\app\Views\layout\v_wrapper.php(5): view('layout/v_conten...')
#7 D:\Ampps\www\e-arsip\system\View\View.php(246): include('D:\\Ampps\\www\\e-...')
#8 D:\Ampps\www\e-arsip\system\Common.php(1119): CodeIgniter\View\View->render('layout/v_wrappe...', Array, true)
#9 D:\Ampps\www\e-arsip\app\Controllers\Arsip.php(107): view('layout/v_wrappe...', Array)
#10 D:\Ampps\www\e-arsip\system\CodeIgniter.php(922): App\Controllers\Arsip->edit('8')
#11 D:\Ampps\www\e-arsip\system\CodeIgniter.php(408): CodeIgniter\CodeIgniter->runController(Object(App\Controllers\Arsip))
#12 D:\Ampps\www\e-arsip\system\CodeIgniter.php(316): CodeIgniter\CodeIgniter->handleRequest(NULL, Object(Config\Cache), false)
#13 D:\Ampps\www\e-arsip\public\index.php(45): CodeIgniter\CodeIgniter->run()
#14 {main}
CRITICAL - 2020-11-25 23:43:32 --> Invalid file: {0}
#0 D:\Ampps\www\e-arsip\system\View\View.php(228): CodeIgniter\Exceptions\FrameworkException::forInvalidFile('arsip/v_pdf.php')
#1 D:\Ampps\www\e-arsip\system\Common.php(1119): CodeIgniter\View\View->render('arsip/v_pdf', Array, true)
#2 D:\Ampps\www\e-arsip\app\Views\layout\v_content.php(3): view('arsip/v_pdf')
#3 D:\Ampps\www\e-arsip\system\View\View.php(246): include('D:\\Ampps\\www\\e-...')
#4 D:\Ampps\www\e-arsip\system\Common.php(1119): CodeIgniter\View\View->render('layout/v_conten...', Array, true)
#5 D:\Ampps\www\e-arsip\app\Views\layout\v_wrapper.php(5): view('layout/v_conten...')
#6 D:\Ampps\www\e-arsip\system\View\View.php(246): include('D:\\Ampps\\www\\e-...')
#7 D:\Ampps\www\e-arsip\system\Common.php(1119): CodeIgniter\View\View->render('layout/v_wrappe...', Array, true)
#8 D:\Ampps\www\e-arsip\app\Controllers\Arsip.php(214): view('layout/v_wrappe...', Array)
#9 D:\Ampps\www\e-arsip\system\CodeIgniter.php(922): App\Controllers\Arsip->viewpdf('9')
#10 D:\Ampps\www\e-arsip\system\CodeIgniter.php(408): CodeIgniter\CodeIgniter->runController(Object(App\Controllers\Arsip))
#11 D:\Ampps\www\e-arsip\system\CodeIgniter.php(316): CodeIgniter\CodeIgniter->handleRequest(NULL, Object(Config\Cache), false)
#12 D:\Ampps\www\e-arsip\public\index.php(45): CodeIgniter\CodeIgniter->run()
#13 {main}
