CRITICAL - 2020-11-09 22:24:35 --> Call to undefined function form_open()
#0 D:\Ampps\www\e-arsip\system\View\View.php(246): include()
#1 D:\Ampps\www\e-arsip\system\Common.php(1119): CodeIgniter\View\View->render('v_login', Array, true)
#2 D:\Ampps\www\e-arsip\app\Controllers\Auth.php(10): view('v_login', Array)
#3 D:\Ampps\www\e-arsip\system\CodeIgniter.php(922): App\Controllers\Auth->index()
#4 D:\Ampps\www\e-arsip\system\CodeIgniter.php(408): CodeIgniter\CodeIgniter->runController(Object(App\Controllers\Auth))
#5 D:\Ampps\www\e-arsip\system\CodeIgniter.php(316): CodeIgniter\CodeIgniter->handleRequest(NULL, Object(Config\Cache), false)
#6 D:\Ampps\www\e-arsip\public\index.php(45): CodeIgniter\CodeIgniter->run()
#7 {main}
CRITICAL - 2020-11-09 22:24:41 --> Call to undefined function form_open()
#0 D:\Ampps\www\e-arsip\system\View\View.php(246): include()
#1 D:\Ampps\www\e-arsip\system\Common.php(1119): CodeIgniter\View\View->render('v_login', Array, true)
#2 D:\Ampps\www\e-arsip\app\Controllers\Auth.php(10): view('v_login', Array)
#3 D:\Ampps\www\e-arsip\system\CodeIgniter.php(922): App\Controllers\Auth->index()
#4 D:\Ampps\www\e-arsip\system\CodeIgniter.php(408): CodeIgniter\CodeIgniter->runController(Object(App\Controllers\Auth))
#5 D:\Ampps\www\e-arsip\system\CodeIgniter.php(316): CodeIgniter\CodeIgniter->handleRequest(NULL, Object(Config\Cache), false)
#6 D:\Ampps\www\e-arsip\public\index.php(45): CodeIgniter\CodeIgniter->run()
#7 {main}
CRITICAL - 2020-11-09 22:25:09 --> Call to undefined function form_open()
#0 D:\Ampps\www\e-arsip\system\View\View.php(246): include()
#1 D:\Ampps\www\e-arsip\system\Common.php(1119): CodeIgniter\View\View->render('v_login', Array, true)
#2 D:\Ampps\www\e-arsip\app\Controllers\Auth.php(10): view('v_login', Array)
#3 D:\Ampps\www\e-arsip\system\CodeIgniter.php(922): App\Controllers\Auth->index()
#4 D:\Ampps\www\e-arsip\system\CodeIgniter.php(408): CodeIgniter\CodeIgniter->runController(Object(App\Controllers\Auth))
#5 D:\Ampps\www\e-arsip\system\CodeIgniter.php(316): CodeIgniter\CodeIgniter->handleRequest(NULL, Object(Config\Cache), false)
#6 D:\Ampps\www\e-arsip\public\index.php(45): CodeIgniter\CodeIgniter->run()
#7 {main}
CRITICAL - 2020-11-09 22:25:10 --> Call to undefined function form_open()
#0 D:\Ampps\www\e-arsip\system\View\View.php(246): include()
#1 D:\Ampps\www\e-arsip\system\Common.php(1119): CodeIgniter\View\View->render('v_login', Array, true)
#2 D:\Ampps\www\e-arsip\app\Controllers\Auth.php(10): view('v_login', Array)
#3 D:\Ampps\www\e-arsip\system\CodeIgniter.php(922): App\Controllers\Auth->index()
#4 D:\Ampps\www\e-arsip\system\CodeIgniter.php(408): CodeIgniter\CodeIgniter->runController(Object(App\Controllers\Auth))
#5 D:\Ampps\www\e-arsip\system\CodeIgniter.php(316): CodeIgniter\CodeIgniter->handleRequest(NULL, Object(Config\Cache), false)
#6 D:\Ampps\www\e-arsip\public\index.php(45): CodeIgniter\CodeIgniter->run()
#7 {main}
CRITICAL - 2020-11-09 22:26:03 --> Call to undefined function form_open()
#0 D:\Ampps\www\e-arsip\system\View\View.php(246): include()
#1 D:\Ampps\www\e-arsip\system\Common.php(1119): CodeIgniter\View\View->render('v_login', Array, true)
#2 D:\Ampps\www\e-arsip\app\Controllers\Auth.php(10): view('v_login', Array)
#3 D:\Ampps\www\e-arsip\system\CodeIgniter.php(922): App\Controllers\Auth->index()
#4 D:\Ampps\www\e-arsip\system\CodeIgniter.php(408): CodeIgniter\CodeIgniter->runController(Object(App\Controllers\Auth))
#5 D:\Ampps\www\e-arsip\system\CodeIgniter.php(316): CodeIgniter\CodeIgniter->handleRequest(NULL, Object(Config\Cache), false)
#6 D:\Ampps\www\e-arsip\public\index.php(45): CodeIgniter\CodeIgniter->run()
#7 {main}
