CRITICAL - 2020-11-24 21:06:04 --> Undefined variable: user
#0 D:\Ampps\www\e-arsip\app\Views\arsip\v_index.php(43): CodeIgniter\Debug\Exceptions->errorHandler(8, 'Undefined varia...', 'D:\\Ampps\\www\\e-...', 43, Array)
#1 D:\Ampps\www\e-arsip\system\View\View.php(246): include('D:\\Ampps\\www\\e-...')
#2 D:\Ampps\www\e-arsip\system\Common.php(1119): CodeIgniter\View\View->render('arsip/v_index', Array, true)
#3 D:\Ampps\www\e-arsip\app\Views\layout\v_content.php(3): view('arsip/v_index')
#4 D:\Ampps\www\e-arsip\system\View\View.php(246): include('D:\\Ampps\\www\\e-...')
#5 D:\Ampps\www\e-arsip\system\Common.php(1119): CodeIgniter\View\View->render('layout/v_conten...', Array, true)
#6 D:\Ampps\www\e-arsip\app\Views\layout\v_wrapper.php(5): view('layout/v_conten...')
#7 D:\Ampps\www\e-arsip\system\View\View.php(246): include('D:\\Ampps\\www\\e-...')
#8 D:\Ampps\www\e-arsip\system\Common.php(1119): CodeIgniter\View\View->render('layout/v_wrappe...', Array, true)
#9 D:\Ampps\www\e-arsip\app\Controllers\Arsip.php(11): view('layout/v_wrappe...', Array)
#10 D:\Ampps\www\e-arsip\system\CodeIgniter.php(922): App\Controllers\Arsip->index()
#11 D:\Ampps\www\e-arsip\system\CodeIgniter.php(408): CodeIgniter\CodeIgniter->runController(Object(App\Controllers\Arsip))
#12 D:\Ampps\www\e-arsip\system\CodeIgniter.php(316): CodeIgniter\CodeIgniter->handleRequest(NULL, Object(Config\Cache), false)
#13 D:\Ampps\www\e-arsip\public\index.php(45): CodeIgniter\CodeIgniter->run()
#14 {main}
CRITICAL - 2020-11-24 21:50:38 --> Call to undefined function form_open_multipart()
#0 D:\Ampps\www\e-arsip\system\View\View.php(246): include()
#1 D:\Ampps\www\e-arsip\system\Common.php(1119): CodeIgniter\View\View->render('arsip/v_add', Array, true)
#2 D:\Ampps\www\e-arsip\app\Views\layout\v_content.php(3): view('arsip/v_add')
#3 D:\Ampps\www\e-arsip\system\View\View.php(246): include('D:\\Ampps\\www\\e-...')
#4 D:\Ampps\www\e-arsip\system\Common.php(1119): CodeIgniter\View\View->render('layout/v_conten...', Array, true)
#5 D:\Ampps\www\e-arsip\app\Views\layout\v_wrapper.php(5): view('layout/v_conten...')
#6 D:\Ampps\www\e-arsip\system\View\View.php(246): include('D:\\Ampps\\www\\e-...')
#7 D:\Ampps\www\e-arsip\system\Common.php(1119): CodeIgniter\View\View->render('layout/v_wrappe...', Array, true)
#8 D:\Ampps\www\e-arsip\app\Controllers\Arsip.php(30): view('layout/v_wrappe...', Array)
#9 D:\Ampps\www\e-arsip\system\CodeIgniter.php(922): App\Controllers\Arsip->add()
#10 D:\Ampps\www\e-arsip\system\CodeIgniter.php(408): CodeIgniter\CodeIgniter->runController(Object(App\Controllers\Arsip))
#11 D:\Ampps\www\e-arsip\system\CodeIgniter.php(316): CodeIgniter\CodeIgniter->handleRequest(NULL, Object(Config\Cache), false)
#12 D:\Ampps\www\e-arsip\public\index.php(45): CodeIgniter\CodeIgniter->run()
#13 {main}
CRITICAL - 2020-11-24 21:51:15 --> Undefined variable: dep
#0 D:\Ampps\www\e-arsip\app\Views\arsip\v_add.php(51): CodeIgniter\Debug\Exceptions->errorHandler(8, 'Undefined varia...', 'D:\\Ampps\\www\\e-...', 51, Array)
#1 D:\Ampps\www\e-arsip\system\View\View.php(246): include('D:\\Ampps\\www\\e-...')
#2 D:\Ampps\www\e-arsip\system\Common.php(1119): CodeIgniter\View\View->render('arsip/v_add', Array, true)
#3 D:\Ampps\www\e-arsip\app\Views\layout\v_content.php(3): view('arsip/v_add')
#4 D:\Ampps\www\e-arsip\system\View\View.php(246): include('D:\\Ampps\\www\\e-...')
#5 D:\Ampps\www\e-arsip\system\Common.php(1119): CodeIgniter\View\View->render('layout/v_conten...', Array, true)
#6 D:\Ampps\www\e-arsip\app\Views\layout\v_wrapper.php(5): view('layout/v_conten...')
#7 D:\Ampps\www\e-arsip\system\View\View.php(246): include('D:\\Ampps\\www\\e-...')
#8 D:\Ampps\www\e-arsip\system\Common.php(1119): CodeIgniter\View\View->render('layout/v_wrappe...', Array, true)
#9 D:\Ampps\www\e-arsip\app\Controllers\Arsip.php(30): view('layout/v_wrappe...', Array)
#10 D:\Ampps\www\e-arsip\system\CodeIgniter.php(922): App\Controllers\Arsip->add()
#11 D:\Ampps\www\e-arsip\system\CodeIgniter.php(408): CodeIgniter\CodeIgniter->runController(Object(App\Controllers\Arsip))
#12 D:\Ampps\www\e-arsip\system\CodeIgniter.php(316): CodeIgniter\CodeIgniter->handleRequest(NULL, Object(Config\Cache), false)
#13 D:\Ampps\www\e-arsip\public\index.php(45): CodeIgniter\CodeIgniter->run()
#14 {main}
CRITICAL - 2020-11-24 23:16:16 --> Undefined variable: kategori
#0 D:\Ampps\www\e-arsip\app\Views\arsip\v_add.php(38): CodeIgniter\Debug\Exceptions->errorHandler(8, 'Undefined varia...', 'D:\\Ampps\\www\\e-...', 38, Array)
#1 D:\Ampps\www\e-arsip\system\View\View.php(246): include('D:\\Ampps\\www\\e-...')
#2 D:\Ampps\www\e-arsip\system\Common.php(1119): CodeIgniter\View\View->render('arsip/v_add', Array, true)
#3 D:\Ampps\www\e-arsip\app\Views\layout\v_content.php(3): view('arsip/v_add')
#4 D:\Ampps\www\e-arsip\system\View\View.php(246): include('D:\\Ampps\\www\\e-...')
#5 D:\Ampps\www\e-arsip\system\Common.php(1119): CodeIgniter\View\View->render('layout/v_conten...', Array, true)
#6 D:\Ampps\www\e-arsip\app\Views\layout\v_wrapper.php(5): view('layout/v_conten...')
#7 D:\Ampps\www\e-arsip\system\View\View.php(246): include('D:\\Ampps\\www\\e-...')
#8 D:\Ampps\www\e-arsip\system\Common.php(1119): CodeIgniter\View\View->render('layout/v_wrappe...', Array, true)
#9 D:\Ampps\www\e-arsip\app\Controllers\Arsip.php(30): view('layout/v_wrappe...', Array)
#10 D:\Ampps\www\e-arsip\system\CodeIgniter.php(922): App\Controllers\Arsip->add()
#11 D:\Ampps\www\e-arsip\system\CodeIgniter.php(408): CodeIgniter\CodeIgniter->runController(Object(App\Controllers\Arsip))
#12 D:\Ampps\www\e-arsip\system\CodeIgniter.php(316): CodeIgniter\CodeIgniter->handleRequest(NULL, Object(Config\Cache), false)
#13 D:\Ampps\www\e-arsip\public\index.php(45): CodeIgniter\CodeIgniter->run()
#14 {main}
CRITICAL - 2020-11-24 23:58:07 --> Unknown column 'ukuran_file' in 'field list'
#0 D:\Ampps\www\e-arsip\system\Database\MySQLi\Connection.php(331): mysqli->query('INSERT INTO `tb...')
#1 D:\Ampps\www\e-arsip\system\Database\BaseConnection.php(741): CodeIgniter\Database\MySQLi\Connection->execute('INSERT INTO `tb...')
#2 D:\Ampps\www\e-arsip\system\Database\BaseConnection.php(669): CodeIgniter\Database\BaseConnection->simpleQuery('INSERT INTO `tb...')
#3 D:\Ampps\www\e-arsip\system\Database\BaseBuilder.php(2249): CodeIgniter\Database\BaseConnection->query('INSERT INTO `tb...', Array, false)
#4 D:\Ampps\www\e-arsip\app\Models\Model_arsip.php(31): CodeIgniter\Database\BaseBuilder->insert(Array)
#5 D:\Ampps\www\e-arsip\app\Controllers\Arsip.php(89): App\Models\Model_arsip->tambah(Array)
#6 D:\Ampps\www\e-arsip\system\CodeIgniter.php(922): App\Controllers\Arsip->insert()
#7 D:\Ampps\www\e-arsip\system\CodeIgniter.php(408): CodeIgniter\CodeIgniter->runController(Object(App\Controllers\Arsip))
#8 D:\Ampps\www\e-arsip\system\CodeIgniter.php(316): CodeIgniter\CodeIgniter->handleRequest(NULL, Object(Config\Cache), false)
#9 D:\Ampps\www\e-arsip\public\index.php(45): CodeIgniter\CodeIgniter->run()
#10 {main}
CRITICAL - 2020-11-24 23:58:33 --> Unknown column 'ukuran_file' in 'field list'
#0 D:\Ampps\www\e-arsip\system\Database\MySQLi\Connection.php(331): mysqli->query('INSERT INTO `tb...')
#1 D:\Ampps\www\e-arsip\system\Database\BaseConnection.php(741): CodeIgniter\Database\MySQLi\Connection->execute('INSERT INTO `tb...')
#2 D:\Ampps\www\e-arsip\system\Database\BaseConnection.php(669): CodeIgniter\Database\BaseConnection->simpleQuery('INSERT INTO `tb...')
#3 D:\Ampps\www\e-arsip\system\Database\BaseBuilder.php(2249): CodeIgniter\Database\BaseConnection->query('INSERT INTO `tb...', Array, false)
#4 D:\Ampps\www\e-arsip\app\Models\Model_arsip.php(31): CodeIgniter\Database\BaseBuilder->insert(Array)
#5 D:\Ampps\www\e-arsip\app\Controllers\Arsip.php(89): App\Models\Model_arsip->tambah(Array)
#6 D:\Ampps\www\e-arsip\system\CodeIgniter.php(922): App\Controllers\Arsip->insert()
#7 D:\Ampps\www\e-arsip\system\CodeIgniter.php(408): CodeIgniter\CodeIgniter->runController(Object(App\Controllers\Arsip))
#8 D:\Ampps\www\e-arsip\system\CodeIgniter.php(316): CodeIgniter\CodeIgniter->handleRequest(NULL, Object(Config\Cache), false)
#9 D:\Ampps\www\e-arsip\public\index.php(45): CodeIgniter\CodeIgniter->run()
#10 {main}
