CRITICAL - 2020-11-23 00:01:40 --> Illegal string offset 'nama_user'
#0 D:\Ampps\www\e-arsip\app\Views\user\v_index.php(46): CodeIgniter\Debug\Exceptions->errorHandler(2, 'Illegal string ...', 'D:\\Ampps\\www\\e-...', 46, Array)
#1 D:\Ampps\www\e-arsip\system\View\View.php(246): include('D:\\Ampps\\www\\e-...')
#2 D:\Ampps\www\e-arsip\system\Common.php(1119): CodeIgniter\View\View->render('user/v_index', Array, true)
#3 D:\Ampps\www\e-arsip\app\Views\layout\v_content.php(3): view('user/v_index')
#4 D:\Ampps\www\e-arsip\system\View\View.php(246): include('D:\\Ampps\\www\\e-...')
#5 D:\Ampps\www\e-arsip\system\Common.php(1119): CodeIgniter\View\View->render('layout/v_conten...', Array, true)
#6 D:\Ampps\www\e-arsip\app\Views\layout\v_wrapper.php(5): view('layout/v_conten...')
#7 D:\Ampps\www\e-arsip\system\View\View.php(246): include('D:\\Ampps\\www\\e-...')
#8 D:\Ampps\www\e-arsip\system\Common.php(1119): CodeIgniter\View\View->render('layout/v_wrappe...', Array, true)
#9 D:\Ampps\www\e-arsip\app\Controllers\User.php(24): view('layout/v_wrappe...', Array)
#10 D:\Ampps\www\e-arsip\system\CodeIgniter.php(922): App\Controllers\User->index()
#11 D:\Ampps\www\e-arsip\system\CodeIgniter.php(408): CodeIgniter\CodeIgniter->runController(Object(App\Controllers\User))
#12 D:\Ampps\www\e-arsip\system\CodeIgniter.php(316): CodeIgniter\CodeIgniter->handleRequest(NULL, Object(Config\Cache), false)
#13 D:\Ampps\www\e-arsip\public\index.php(45): CodeIgniter\CodeIgniter->run()
#14 {main}
CRITICAL - 2020-11-23 00:02:14 --> Illegal string offset 'nama_user'
#0 D:\Ampps\www\e-arsip\app\Views\user\v_index.php(46): CodeIgniter\Debug\Exceptions->errorHandler(2, 'Illegal string ...', 'D:\\Ampps\\www\\e-...', 46, Array)
#1 D:\Ampps\www\e-arsip\system\View\View.php(246): include('D:\\Ampps\\www\\e-...')
#2 D:\Ampps\www\e-arsip\system\Common.php(1119): CodeIgniter\View\View->render('user/v_index', Array, true)
#3 D:\Ampps\www\e-arsip\app\Views\layout\v_content.php(3): view('user/v_index')
#4 D:\Ampps\www\e-arsip\system\View\View.php(246): include('D:\\Ampps\\www\\e-...')
#5 D:\Ampps\www\e-arsip\system\Common.php(1119): CodeIgniter\View\View->render('layout/v_conten...', Array, true)
#6 D:\Ampps\www\e-arsip\app\Views\layout\v_wrapper.php(5): view('layout/v_conten...')
#7 D:\Ampps\www\e-arsip\system\View\View.php(246): include('D:\\Ampps\\www\\e-...')
#8 D:\Ampps\www\e-arsip\system\Common.php(1119): CodeIgniter\View\View->render('layout/v_wrappe...', Array, true)
#9 D:\Ampps\www\e-arsip\app\Controllers\User.php(24): view('layout/v_wrappe...', Array)
#10 D:\Ampps\www\e-arsip\system\CodeIgniter.php(922): App\Controllers\User->index()
#11 D:\Ampps\www\e-arsip\system\CodeIgniter.php(408): CodeIgniter\CodeIgniter->runController(Object(App\Controllers\User))
#12 D:\Ampps\www\e-arsip\system\CodeIgniter.php(316): CodeIgniter\CodeIgniter->handleRequest(NULL, Object(Config\Cache), false)
#13 D:\Ampps\www\e-arsip\public\index.php(45): CodeIgniter\CodeIgniter->run()
#14 {main}
CRITICAL - 2020-11-23 00:02:41 --> Illegal string offset 'nama_user'
#0 D:\Ampps\www\e-arsip\app\Views\user\v_index.php(46): CodeIgniter\Debug\Exceptions->errorHandler(2, 'Illegal string ...', 'D:\\Ampps\\www\\e-...', 46, Array)
#1 D:\Ampps\www\e-arsip\system\View\View.php(246): include('D:\\Ampps\\www\\e-...')
#2 D:\Ampps\www\e-arsip\system\Common.php(1119): CodeIgniter\View\View->render('user/v_index', Array, true)
#3 D:\Ampps\www\e-arsip\app\Views\layout\v_content.php(3): view('user/v_index')
#4 D:\Ampps\www\e-arsip\system\View\View.php(246): include('D:\\Ampps\\www\\e-...')
#5 D:\Ampps\www\e-arsip\system\Common.php(1119): CodeIgniter\View\View->render('layout/v_conten...', Array, true)
#6 D:\Ampps\www\e-arsip\app\Views\layout\v_wrapper.php(5): view('layout/v_conten...')
#7 D:\Ampps\www\e-arsip\system\View\View.php(246): include('D:\\Ampps\\www\\e-...')
#8 D:\Ampps\www\e-arsip\system\Common.php(1119): CodeIgniter\View\View->render('layout/v_wrappe...', Array, true)
#9 D:\Ampps\www\e-arsip\app\Controllers\User.php(24): view('layout/v_wrappe...', Array)
#10 D:\Ampps\www\e-arsip\system\CodeIgniter.php(922): App\Controllers\User->index()
#11 D:\Ampps\www\e-arsip\system\CodeIgniter.php(408): CodeIgniter\CodeIgniter->runController(Object(App\Controllers\User))
#12 D:\Ampps\www\e-arsip\system\CodeIgniter.php(316): CodeIgniter\CodeIgniter->handleRequest(NULL, Object(Config\Cache), false)
#13 D:\Ampps\www\e-arsip\public\index.php(45): CodeIgniter\CodeIgniter->run()
#14 {main}
CRITICAL - 2020-11-23 00:02:43 --> Illegal string offset 'nama_user'
#0 D:\Ampps\www\e-arsip\app\Views\user\v_index.php(46): CodeIgniter\Debug\Exceptions->errorHandler(2, 'Illegal string ...', 'D:\\Ampps\\www\\e-...', 46, Array)
#1 D:\Ampps\www\e-arsip\system\View\View.php(246): include('D:\\Ampps\\www\\e-...')
#2 D:\Ampps\www\e-arsip\system\Common.php(1119): CodeIgniter\View\View->render('user/v_index', Array, true)
#3 D:\Ampps\www\e-arsip\app\Views\layout\v_content.php(3): view('user/v_index')
#4 D:\Ampps\www\e-arsip\system\View\View.php(246): include('D:\\Ampps\\www\\e-...')
#5 D:\Ampps\www\e-arsip\system\Common.php(1119): CodeIgniter\View\View->render('layout/v_conten...', Array, true)
#6 D:\Ampps\www\e-arsip\app\Views\layout\v_wrapper.php(5): view('layout/v_conten...')
#7 D:\Ampps\www\e-arsip\system\View\View.php(246): include('D:\\Ampps\\www\\e-...')
#8 D:\Ampps\www\e-arsip\system\Common.php(1119): CodeIgniter\View\View->render('layout/v_wrappe...', Array, true)
#9 D:\Ampps\www\e-arsip\app\Controllers\User.php(24): view('layout/v_wrappe...', Array)
#10 D:\Ampps\www\e-arsip\system\CodeIgniter.php(922): App\Controllers\User->index()
#11 D:\Ampps\www\e-arsip\system\CodeIgniter.php(408): CodeIgniter\CodeIgniter->runController(Object(App\Controllers\User))
#12 D:\Ampps\www\e-arsip\system\CodeIgniter.php(316): CodeIgniter\CodeIgniter->handleRequest(NULL, Object(Config\Cache), false)
#13 D:\Ampps\www\e-arsip\public\index.php(45): CodeIgniter\CodeIgniter->run()
#14 {main}
CRITICAL - 2020-11-23 00:03:31 --> Illegal string offset 'nama_user'
#0 D:\Ampps\www\e-arsip\app\Views\user\v_index.php(46): CodeIgniter\Debug\Exceptions->errorHandler(2, 'Illegal string ...', 'D:\\Ampps\\www\\e-...', 46, Array)
#1 D:\Ampps\www\e-arsip\system\View\View.php(246): include('D:\\Ampps\\www\\e-...')
#2 D:\Ampps\www\e-arsip\system\Common.php(1119): CodeIgniter\View\View->render('user/v_index', Array, true)
#3 D:\Ampps\www\e-arsip\app\Views\layout\v_content.php(3): view('user/v_index')
#4 D:\Ampps\www\e-arsip\system\View\View.php(246): include('D:\\Ampps\\www\\e-...')
#5 D:\Ampps\www\e-arsip\system\Common.php(1119): CodeIgniter\View\View->render('layout/v_conten...', Array, true)
#6 D:\Ampps\www\e-arsip\app\Views\layout\v_wrapper.php(5): view('layout/v_conten...')
#7 D:\Ampps\www\e-arsip\system\View\View.php(246): include('D:\\Ampps\\www\\e-...')
#8 D:\Ampps\www\e-arsip\system\Common.php(1119): CodeIgniter\View\View->render('layout/v_wrappe...', Array, true)
#9 D:\Ampps\www\e-arsip\app\Controllers\User.php(24): view('layout/v_wrappe...', Array)
#10 D:\Ampps\www\e-arsip\system\CodeIgniter.php(922): App\Controllers\User->index()
#11 D:\Ampps\www\e-arsip\system\CodeIgniter.php(408): CodeIgniter\CodeIgniter->runController(Object(App\Controllers\User))
#12 D:\Ampps\www\e-arsip\system\CodeIgniter.php(316): CodeIgniter\CodeIgniter->handleRequest(NULL, Object(Config\Cache), false)
#13 D:\Ampps\www\e-arsip\public\index.php(45): CodeIgniter\CodeIgniter->run()
#14 {main}
CRITICAL - 2020-11-23 00:03:52 --> Illegal string offset 'nama_user'
#0 D:\Ampps\www\e-arsip\app\Views\user\v_index.php(46): CodeIgniter\Debug\Exceptions->errorHandler(2, 'Illegal string ...', 'D:\\Ampps\\www\\e-...', 46, Array)
#1 D:\Ampps\www\e-arsip\system\View\View.php(246): include('D:\\Ampps\\www\\e-...')
#2 D:\Ampps\www\e-arsip\system\Common.php(1119): CodeIgniter\View\View->render('user/v_index', Array, true)
#3 D:\Ampps\www\e-arsip\app\Views\layout\v_content.php(3): view('user/v_index')
#4 D:\Ampps\www\e-arsip\system\View\View.php(246): include('D:\\Ampps\\www\\e-...')
#5 D:\Ampps\www\e-arsip\system\Common.php(1119): CodeIgniter\View\View->render('layout/v_conten...', Array, true)
#6 D:\Ampps\www\e-arsip\app\Views\layout\v_wrapper.php(5): view('layout/v_conten...')
#7 D:\Ampps\www\e-arsip\system\View\View.php(246): include('D:\\Ampps\\www\\e-...')
#8 D:\Ampps\www\e-arsip\system\Common.php(1119): CodeIgniter\View\View->render('layout/v_wrappe...', Array, true)
#9 D:\Ampps\www\e-arsip\app\Controllers\User.php(24): view('layout/v_wrappe...', Array)
#10 D:\Ampps\www\e-arsip\system\CodeIgniter.php(922): App\Controllers\User->index()
#11 D:\Ampps\www\e-arsip\system\CodeIgniter.php(408): CodeIgniter\CodeIgniter->runController(Object(App\Controllers\User))
#12 D:\Ampps\www\e-arsip\system\CodeIgniter.php(316): CodeIgniter\CodeIgniter->handleRequest(NULL, Object(Config\Cache), false)
#13 D:\Ampps\www\e-arsip\public\index.php(45): CodeIgniter\CodeIgniter->run()
#14 {main}
CRITICAL - 2020-11-23 00:03:55 --> Illegal string offset 'nama_user'
#0 D:\Ampps\www\e-arsip\app\Views\user\v_index.php(46): CodeIgniter\Debug\Exceptions->errorHandler(2, 'Illegal string ...', 'D:\\Ampps\\www\\e-...', 46, Array)
#1 D:\Ampps\www\e-arsip\system\View\View.php(246): include('D:\\Ampps\\www\\e-...')
#2 D:\Ampps\www\e-arsip\system\Common.php(1119): CodeIgniter\View\View->render('user/v_index', Array, true)
#3 D:\Ampps\www\e-arsip\app\Views\layout\v_content.php(3): view('user/v_index')
#4 D:\Ampps\www\e-arsip\system\View\View.php(246): include('D:\\Ampps\\www\\e-...')
#5 D:\Ampps\www\e-arsip\system\Common.php(1119): CodeIgniter\View\View->render('layout/v_conten...', Array, true)
#6 D:\Ampps\www\e-arsip\app\Views\layout\v_wrapper.php(5): view('layout/v_conten...')
#7 D:\Ampps\www\e-arsip\system\View\View.php(246): include('D:\\Ampps\\www\\e-...')
#8 D:\Ampps\www\e-arsip\system\Common.php(1119): CodeIgniter\View\View->render('layout/v_wrappe...', Array, true)
#9 D:\Ampps\www\e-arsip\app\Controllers\User.php(24): view('layout/v_wrappe...', Array)
#10 D:\Ampps\www\e-arsip\system\CodeIgniter.php(922): App\Controllers\User->index()
#11 D:\Ampps\www\e-arsip\system\CodeIgniter.php(408): CodeIgniter\CodeIgniter->runController(Object(App\Controllers\User))
#12 D:\Ampps\www\e-arsip\system\CodeIgniter.php(316): CodeIgniter\CodeIgniter->handleRequest(NULL, Object(Config\Cache), false)
#13 D:\Ampps\www\e-arsip\public\index.php(45): CodeIgniter\CodeIgniter->run()
#14 {main}
CRITICAL - 2020-11-23 00:03:57 --> Illegal string offset 'nama_user'
#0 D:\Ampps\www\e-arsip\app\Views\user\v_index.php(46): CodeIgniter\Debug\Exceptions->errorHandler(2, 'Illegal string ...', 'D:\\Ampps\\www\\e-...', 46, Array)
#1 D:\Ampps\www\e-arsip\system\View\View.php(246): include('D:\\Ampps\\www\\e-...')
#2 D:\Ampps\www\e-arsip\system\Common.php(1119): CodeIgniter\View\View->render('user/v_index', Array, true)
#3 D:\Ampps\www\e-arsip\app\Views\layout\v_content.php(3): view('user/v_index')
#4 D:\Ampps\www\e-arsip\system\View\View.php(246): include('D:\\Ampps\\www\\e-...')
#5 D:\Ampps\www\e-arsip\system\Common.php(1119): CodeIgniter\View\View->render('layout/v_conten...', Array, true)
#6 D:\Ampps\www\e-arsip\app\Views\layout\v_wrapper.php(5): view('layout/v_conten...')
#7 D:\Ampps\www\e-arsip\system\View\View.php(246): include('D:\\Ampps\\www\\e-...')
#8 D:\Ampps\www\e-arsip\system\Common.php(1119): CodeIgniter\View\View->render('layout/v_wrappe...', Array, true)
#9 D:\Ampps\www\e-arsip\app\Controllers\User.php(24): view('layout/v_wrappe...', Array)
#10 D:\Ampps\www\e-arsip\system\CodeIgniter.php(922): App\Controllers\User->index()
#11 D:\Ampps\www\e-arsip\system\CodeIgniter.php(408): CodeIgniter\CodeIgniter->runController(Object(App\Controllers\User))
#12 D:\Ampps\www\e-arsip\system\CodeIgniter.php(316): CodeIgniter\CodeIgniter->handleRequest(NULL, Object(Config\Cache), false)
#13 D:\Ampps\www\e-arsip\public\index.php(45): CodeIgniter\CodeIgniter->run()
#14 {main}
CRITICAL - 2020-11-23 00:04:02 --> Illegal string offset 'nama_user'
#0 D:\Ampps\www\e-arsip\app\Views\user\v_index.php(46): CodeIgniter\Debug\Exceptions->errorHandler(2, 'Illegal string ...', 'D:\\Ampps\\www\\e-...', 46, Array)
#1 D:\Ampps\www\e-arsip\system\View\View.php(246): include('D:\\Ampps\\www\\e-...')
#2 D:\Ampps\www\e-arsip\system\Common.php(1119): CodeIgniter\View\View->render('user/v_index', Array, true)
#3 D:\Ampps\www\e-arsip\app\Views\layout\v_content.php(3): view('user/v_index')
#4 D:\Ampps\www\e-arsip\system\View\View.php(246): include('D:\\Ampps\\www\\e-...')
#5 D:\Ampps\www\e-arsip\system\Common.php(1119): CodeIgniter\View\View->render('layout/v_conten...', Array, true)
#6 D:\Ampps\www\e-arsip\app\Views\layout\v_wrapper.php(5): view('layout/v_conten...')
#7 D:\Ampps\www\e-arsip\system\View\View.php(246): include('D:\\Ampps\\www\\e-...')
#8 D:\Ampps\www\e-arsip\system\Common.php(1119): CodeIgniter\View\View->render('layout/v_wrappe...', Array, true)
#9 D:\Ampps\www\e-arsip\app\Controllers\User.php(24): view('layout/v_wrappe...', Array)
#10 D:\Ampps\www\e-arsip\system\CodeIgniter.php(922): App\Controllers\User->index()
#11 D:\Ampps\www\e-arsip\system\CodeIgniter.php(408): CodeIgniter\CodeIgniter->runController(Object(App\Controllers\User))
#12 D:\Ampps\www\e-arsip\system\CodeIgniter.php(316): CodeIgniter\CodeIgniter->handleRequest(NULL, Object(Config\Cache), false)
#13 D:\Ampps\www\e-arsip\public\index.php(45): CodeIgniter\CodeIgniter->run()
#14 {main}
CRITICAL - 2020-11-23 00:05:32 --> Illegal string offset 'nama_user'
#0 D:\Ampps\www\e-arsip\app\Views\user\v_index.php(46): CodeIgniter\Debug\Exceptions->errorHandler(2, 'Illegal string ...', 'D:\\Ampps\\www\\e-...', 46, Array)
#1 D:\Ampps\www\e-arsip\system\View\View.php(246): include('D:\\Ampps\\www\\e-...')
#2 D:\Ampps\www\e-arsip\system\Common.php(1119): CodeIgniter\View\View->render('user/v_index', Array, true)
#3 D:\Ampps\www\e-arsip\app\Views\layout\v_content.php(3): view('user/v_index')
#4 D:\Ampps\www\e-arsip\system\View\View.php(246): include('D:\\Ampps\\www\\e-...')
#5 D:\Ampps\www\e-arsip\system\Common.php(1119): CodeIgniter\View\View->render('layout/v_conten...', Array, true)
#6 D:\Ampps\www\e-arsip\app\Views\layout\v_wrapper.php(5): view('layout/v_conten...')
#7 D:\Ampps\www\e-arsip\system\View\View.php(246): include('D:\\Ampps\\www\\e-...')
#8 D:\Ampps\www\e-arsip\system\Common.php(1119): CodeIgniter\View\View->render('layout/v_wrappe...', Array, true)
#9 D:\Ampps\www\e-arsip\app\Controllers\User.php(24): view('layout/v_wrappe...', Array)
#10 D:\Ampps\www\e-arsip\system\CodeIgniter.php(922): App\Controllers\User->index()
#11 D:\Ampps\www\e-arsip\system\CodeIgniter.php(408): CodeIgniter\CodeIgniter->runController(Object(App\Controllers\User))
#12 D:\Ampps\www\e-arsip\system\CodeIgniter.php(316): CodeIgniter\CodeIgniter->handleRequest(NULL, Object(Config\Cache), false)
#13 D:\Ampps\www\e-arsip\public\index.php(45): CodeIgniter\CodeIgniter->run()
#14 {main}
CRITICAL - 2020-11-23 00:06:37 --> Undefined variable: user_tampil
#0 D:\Ampps\www\e-arsip\app\Views\user\v_index.php(43): CodeIgniter\Debug\Exceptions->errorHandler(8, 'Undefined varia...', 'D:\\Ampps\\www\\e-...', 43, Array)
#1 D:\Ampps\www\e-arsip\system\View\View.php(246): include('D:\\Ampps\\www\\e-...')
#2 D:\Ampps\www\e-arsip\system\Common.php(1119): CodeIgniter\View\View->render('user/v_index', Array, true)
#3 D:\Ampps\www\e-arsip\app\Views\layout\v_content.php(3): view('user/v_index')
#4 D:\Ampps\www\e-arsip\system\View\View.php(246): include('D:\\Ampps\\www\\e-...')
#5 D:\Ampps\www\e-arsip\system\Common.php(1119): CodeIgniter\View\View->render('layout/v_conten...', Array, true)
#6 D:\Ampps\www\e-arsip\app\Views\layout\v_wrapper.php(5): view('layout/v_conten...')
#7 D:\Ampps\www\e-arsip\system\View\View.php(246): include('D:\\Ampps\\www\\e-...')
#8 D:\Ampps\www\e-arsip\system\Common.php(1119): CodeIgniter\View\View->render('layout/v_wrappe...', Array, true)
#9 D:\Ampps\www\e-arsip\app\Controllers\User.php(24): view('layout/v_wrappe...', Array)
#10 D:\Ampps\www\e-arsip\system\CodeIgniter.php(922): App\Controllers\User->index()
#11 D:\Ampps\www\e-arsip\system\CodeIgniter.php(408): CodeIgniter\CodeIgniter->runController(Object(App\Controllers\User))
#12 D:\Ampps\www\e-arsip\system\CodeIgniter.php(316): CodeIgniter\CodeIgniter->handleRequest(NULL, Object(Config\Cache), false)
#13 D:\Ampps\www\e-arsip\public\index.php(45): CodeIgniter\CodeIgniter->run()
#14 {main}
CRITICAL - 2020-11-23 00:06:54 --> Illegal string offset 'nama_user'
#0 D:\Ampps\www\e-arsip\app\Views\user\v_index.php(46): CodeIgniter\Debug\Exceptions->errorHandler(2, 'Illegal string ...', 'D:\\Ampps\\www\\e-...', 46, Array)
#1 D:\Ampps\www\e-arsip\system\View\View.php(246): include('D:\\Ampps\\www\\e-...')
#2 D:\Ampps\www\e-arsip\system\Common.php(1119): CodeIgniter\View\View->render('user/v_index', Array, true)
#3 D:\Ampps\www\e-arsip\app\Views\layout\v_content.php(3): view('user/v_index')
#4 D:\Ampps\www\e-arsip\system\View\View.php(246): include('D:\\Ampps\\www\\e-...')
#5 D:\Ampps\www\e-arsip\system\Common.php(1119): CodeIgniter\View\View->render('layout/v_conten...', Array, true)
#6 D:\Ampps\www\e-arsip\app\Views\layout\v_wrapper.php(5): view('layout/v_conten...')
#7 D:\Ampps\www\e-arsip\system\View\View.php(246): include('D:\\Ampps\\www\\e-...')
#8 D:\Ampps\www\e-arsip\system\Common.php(1119): CodeIgniter\View\View->render('layout/v_wrappe...', Array, true)
#9 D:\Ampps\www\e-arsip\app\Controllers\User.php(24): view('layout/v_wrappe...', Array)
#10 D:\Ampps\www\e-arsip\system\CodeIgniter.php(922): App\Controllers\User->index()
#11 D:\Ampps\www\e-arsip\system\CodeIgniter.php(408): CodeIgniter\CodeIgniter->runController(Object(App\Controllers\User))
#12 D:\Ampps\www\e-arsip\system\CodeIgniter.php(316): CodeIgniter\CodeIgniter->handleRequest(NULL, Object(Config\Cache), false)
#13 D:\Ampps\www\e-arsip\public\index.php(45): CodeIgniter\CodeIgniter->run()
#14 {main}
CRITICAL - 2020-11-23 00:09:37 --> Undefined variable: id_use
#0 D:\Ampps\www\e-arsip\app\Controllers\User.php(161): CodeIgniter\Debug\Exceptions->errorHandler(8, 'Undefined varia...', 'D:\\Ampps\\www\\e-...', 161, Array)
#1 D:\Ampps\www\e-arsip\system\CodeIgniter.php(922): App\Controllers\User->update('5')
#2 D:\Ampps\www\e-arsip\system\CodeIgniter.php(408): CodeIgniter\CodeIgniter->runController(Object(App\Controllers\User))
#3 D:\Ampps\www\e-arsip\system\CodeIgniter.php(316): CodeIgniter\CodeIgniter->handleRequest(NULL, Object(Config\Cache), false)
#4 D:\Ampps\www\e-arsip\public\index.php(45): CodeIgniter\CodeIgniter->run()
#5 {main}
CRITICAL - 2020-11-23 00:36:03 --> Use of undefined constant foto - assumed 'foto' (this will throw an Error in a future version of PHP)
#0 D:\Ampps\www\e-arsip\app\Controllers\User.php(178): CodeIgniter\Debug\Exceptions->errorHandler(2, 'Use of undefine...', 'D:\\Ampps\\www\\e-...', 178, Array)
#1 D:\Ampps\www\e-arsip\system\CodeIgniter.php(922): App\Controllers\User->update('5')
#2 D:\Ampps\www\e-arsip\system\CodeIgniter.php(408): CodeIgniter\CodeIgniter->runController(Object(App\Controllers\User))
#3 D:\Ampps\www\e-arsip\system\CodeIgniter.php(316): CodeIgniter\CodeIgniter->handleRequest(NULL, Object(Config\Cache), false)
#4 D:\Ampps\www\e-arsip\public\index.php(45): CodeIgniter\CodeIgniter->run()
#5 {main}
CRITICAL - 2020-11-23 00:36:20 --> Use of undefined constant foto - assumed 'foto' (this will throw an Error in a future version of PHP)
#0 D:\Ampps\www\e-arsip\app\Controllers\User.php(178): CodeIgniter\Debug\Exceptions->errorHandler(2, 'Use of undefine...', 'D:\\Ampps\\www\\e-...', 178, Array)
#1 D:\Ampps\www\e-arsip\system\CodeIgniter.php(922): App\Controllers\User->update('5')
#2 D:\Ampps\www\e-arsip\system\CodeIgniter.php(408): CodeIgniter\CodeIgniter->runController(Object(App\Controllers\User))
#3 D:\Ampps\www\e-arsip\system\CodeIgniter.php(316): CodeIgniter\CodeIgniter->handleRequest(NULL, Object(Config\Cache), false)
#4 D:\Ampps\www\e-arsip\public\index.php(45): CodeIgniter\CodeIgniter->run()
#5 {main}
CRITICAL - 2020-11-23 06:03:35 --> unlink(foto/user.png): No such file or directory
#0 [internal function]: CodeIgniter\Debug\Exceptions->errorHandler(2, 'unlink(foto/use...', 'D:\\Ampps\\www\\e-...', 179, Array)
#1 D:\Ampps\www\e-arsip\app\Controllers\User.php(179): unlink('foto/user.png')
#2 D:\Ampps\www\e-arsip\system\CodeIgniter.php(922): App\Controllers\User->update('1')
#3 D:\Ampps\www\e-arsip\system\CodeIgniter.php(408): CodeIgniter\CodeIgniter->runController(Object(App\Controllers\User))
#4 D:\Ampps\www\e-arsip\system\CodeIgniter.php(316): CodeIgniter\CodeIgniter->handleRequest(NULL, Object(Config\Cache), false)
#5 D:\Ampps\www\e-arsip\public\index.php(45): CodeIgniter\CodeIgniter->run()
#6 {main}
CRITICAL - 2020-11-23 06:04:33 --> unlink(foto/user.png): No such file or directory
#0 [internal function]: CodeIgniter\Debug\Exceptions->errorHandler(2, 'unlink(foto/use...', 'D:\\Ampps\\www\\e-...', 179, Array)
#1 D:\Ampps\www\e-arsip\app\Controllers\User.php(179): unlink('foto/user.png')
#2 D:\Ampps\www\e-arsip\system\CodeIgniter.php(922): App\Controllers\User->update('1')
#3 D:\Ampps\www\e-arsip\system\CodeIgniter.php(408): CodeIgniter\CodeIgniter->runController(Object(App\Controllers\User))
#4 D:\Ampps\www\e-arsip\system\CodeIgniter.php(316): CodeIgniter\CodeIgniter->handleRequest(NULL, Object(Config\Cache), false)
#5 D:\Ampps\www\e-arsip\public\index.php(45): CodeIgniter\CodeIgniter->run()
#6 {main}
CRITICAL - 2020-11-23 06:05:14 --> unlink(foto/user.png): No such file or directory
#0 [internal function]: CodeIgniter\Debug\Exceptions->errorHandler(2, 'unlink(foto/use...', 'D:\\Ampps\\www\\e-...', 179, Array)
#1 D:\Ampps\www\e-arsip\app\Controllers\User.php(179): unlink('foto/user.png')
#2 D:\Ampps\www\e-arsip\system\CodeIgniter.php(922): App\Controllers\User->update('1')
#3 D:\Ampps\www\e-arsip\system\CodeIgniter.php(408): CodeIgniter\CodeIgniter->runController(Object(App\Controllers\User))
#4 D:\Ampps\www\e-arsip\system\CodeIgniter.php(316): CodeIgniter\CodeIgniter->handleRequest(NULL, Object(Config\Cache), false)
#5 D:\Ampps\www\e-arsip\public\index.php(45): CodeIgniter\CodeIgniter->run()
#6 {main}
CRITICAL - 2020-11-23 06:07:37 --> unlink(foto/user.png): No such file or directory
#0 [internal function]: CodeIgniter\Debug\Exceptions->errorHandler(2, 'unlink(foto/use...', 'D:\\Ampps\\www\\e-...', 179, Array)
#1 D:\Ampps\www\e-arsip\app\Controllers\User.php(179): unlink('foto/user.png')
#2 D:\Ampps\www\e-arsip\system\CodeIgniter.php(922): App\Controllers\User->update('1')
#3 D:\Ampps\www\e-arsip\system\CodeIgniter.php(408): CodeIgniter\CodeIgniter->runController(Object(App\Controllers\User))
#4 D:\Ampps\www\e-arsip\system\CodeIgniter.php(316): CodeIgniter\CodeIgniter->handleRequest(NULL, Object(Config\Cache), false)
#5 D:\Ampps\www\e-arsip\public\index.php(45): CodeIgniter\CodeIgniter->run()
#6 {main}
